[04-Dec-2019 22:42:02 Asia/Tokyo] PHP Fatal error:  Uncaught PDOException: SQLSTATE[HY000] [2002] No such file or directory in /Users/shiba/shiba_tomoyuki/mini-blog.localhost/application/core/DbManager.php:21
Stack trace:
#0 /Users/shiba/shiba_tomoyuki/mini-blog.localhost/application/core/DbManager.php(21): PDO->__construct('mysql:dbname=mi...', 'root', 'root', Array)
#1 /Users/shiba/shiba_tomoyuki/mini-blog.localhost/application/MiniBlogApplication.php(24): DbManager->connect('master', Array)
#2 /Users/shiba/shiba_tomoyuki/mini-blog.localhost/application/core/Application.php(16): MiniBlogApplication->configure()
#3 /Users/shiba/shiba_tomoyuki/mini-blog.localhost/application/web/index.php(8): Application->__construct(false)
#4 {main}
  thrown in /Users/shiba/shiba_tomoyuki/mini-blog.localhost/application/core/DbManager.php on line 21
[04-Dec-2019 22:49:06 Asia/Tokyo] PHP Fatal error:  Uncaught PDOException: SQLSTATE[HY000] [2002] No such file or directory in /Users/shiba/shiba_tomoyuki/mini-blog.localhost/application/core/DbManager.php:21
Stack trace:
#0 /Users/shiba/shiba_tomoyuki/mini-blog.localhost/application/core/DbManager.php(21): PDO->__construct('mysql:dbname=mi...', 'root', 'root', Array)
#1 /Users/shiba/shiba_tomoyuki/mini-blog.localhost/application/MiniBlogApplication.php(24): DbManager->connect('master', Array)
#2 /Users/shiba/shiba_tomoyuki/mini-blog.localhost/application/core/Application.php(16): MiniBlogApplication->configure()
#3 /Users/shiba/shiba_tomoyuki/mini-blog.localhost/application/web/index.php(6): Application->__construct(false)
#4 {main}
  thrown in /Users/shiba/shiba_tomoyuki/mini-blog.localhost/application/core/DbManager.php on line 21
[04-Dec-2019 22:49:10 Asia/Tokyo] PHP Fatal error:  Uncaught PDOException: SQLSTATE[HY000] [2002] No such file or directory in /Users/shiba/shiba_tomoyuki/mini-blog.localhost/application/core/DbManager.php:21
Stack trace:
#0 /Users/shiba/shiba_tomoyuki/mini-blog.localhost/application/core/DbManager.php(21): PDO->__construct('mysql:dbname=mi...', 'root', 'root', Array)
#1 /Users/shiba/shiba_tomoyuki/mini-blog.localhost/application/MiniBlogApplication.php(24): DbManager->connect('master', Array)
#2 /Users/shiba/shiba_tomoyuki/mini-blog.localhost/application/core/Application.php(16): MiniBlogApplication->configure()
#3 /Users/shiba/shiba_tomoyuki/mini-blog.localhost/application/web/index.php(6): Application->__construct(false)
#4 {main}
  thrown in /Users/shiba/shiba_tomoyuki/mini-blog.localhost/application/core/DbManager.php on line 21
[04-Dec-2019 22:49:10 Asia/Tokyo] PHP Fatal error:  Uncaught PDOException: SQLSTATE[HY000] [2002] No such file or directory in /Users/shiba/shiba_tomoyuki/mini-blog.localhost/application/core/DbManager.php:21
Stack trace:
#0 /Users/shiba/shiba_tomoyuki/mini-blog.localhost/application/core/DbManager.php(21): PDO->__construct('mysql:dbname=mi...', 'root', 'root', Array)
#1 /Users/shiba/shiba_tomoyuki/mini-blog.localhost/application/MiniBlogApplication.php(24): DbManager->connect('master', Array)
#2 /Users/shiba/shiba_tomoyuki/mini-blog.localhost/application/core/Application.php(16): MiniBlogApplication->configure()
#3 /Users/shiba/shiba_tomoyuki/mini-blog.localhost/application/web/index.php(6): Application->__construct(false)
#4 {main}
  thrown in /Users/shiba/shiba_tomoyuki/mini-blog.localhost/application/core/DbManager.php on line 21
[04-Dec-2019 22:50:49 Asia/Tokyo] PHP Fatal error:  Uncaught PDOException: SQLSTATE[HY000] [2002] No such file or directory in /Users/shiba/shiba_tomoyuki/mini-blog.localhost/application/core/DbManager.php:26
Stack trace:
#0 /Users/shiba/shiba_tomoyuki/mini-blog.localhost/application/core/DbManager.php(26): PDO->__construct('mysql:dbname=mi...', 'root', 'root')
#1 /Users/shiba/shiba_tomoyuki/mini-blog.localhost/application/MiniBlogApplication.php(24): DbManager->connect('master', Array)
#2 /Users/shiba/shiba_tomoyuki/mini-blog.localhost/application/core/Application.php(16): MiniBlogApplication->configure()
#3 /Users/shiba/shiba_tomoyuki/mini-blog.localhost/application/web/index.php(6): Application->__construct(false)
#4 {main}
  thrown in /Users/shiba/shiba_tomoyuki/mini-blog.localhost/application/core/DbManager.php on line 26
[04-Dec-2019 22:50:50 Asia/Tokyo] PHP Fatal error:  Uncaught PDOException: SQLSTATE[HY000] [2002] No such file or directory in /Users/shiba/shiba_tomoyuki/mini-blog.localhost/application/core/DbManager.php:26
Stack trace:
#0 /Users/shiba/shiba_tomoyuki/mini-blog.localhost/application/core/DbManager.php(26): PDO->__construct('mysql:dbname=mi...', 'root', 'root')
#1 /Users/shiba/shiba_tomoyuki/mini-blog.localhost/application/MiniBlogApplication.php(24): DbManager->connect('master', Array)
#2 /Users/shiba/shiba_tomoyuki/mini-blog.localhost/application/core/Application.php(16): MiniBlogApplication->configure()
#3 /Users/shiba/shiba_tomoyuki/mini-blog.localhost/application/web/index.php(6): Application->__construct(false)
#4 {main}
  thrown in /Users/shiba/shiba_tomoyuki/mini-blog.localhost/application/core/DbManager.php on line 26
[04-Dec-2019 22:51:18 Asia/Tokyo] PHP Fatal error:  Uncaught PDOException: SQLSTATE[HY000] [2002] No such file or directory in /Users/shiba/shiba_tomoyuki/mini-blog.localhost/application/core/DbManager.php:26
Stack trace:
#0 /Users/shiba/shiba_tomoyuki/mini-blog.localhost/application/core/DbManager.php(26): PDO->__construct('mysql:dbname=mi...', 'root', 'root')
#1 /Users/shiba/shiba_tomoyuki/mini-blog.localhost/application/MiniBlogApplication.php(24): DbManager->connect('master', Array)
#2 /Users/shiba/shiba_tomoyuki/mini-blog.localhost/application/core/Application.php(16): MiniBlogApplication->configure()
#3 /Users/shiba/shiba_tomoyuki/mini-blog.localhost/application/web/index.php(6): Application->__construct(false)
#4 {main}
  thrown in /Users/shiba/shiba_tomoyuki/mini-blog.localhost/application/core/DbManager.php on line 26
[06-Dec-2019 23:33:09 Asia/Tokyo] PHP Fatal error:  Uncaught PDOException: SQLSTATE[HY000] [2002] No such file or directory in /Users/shiba/shiba_tomoyuki/mini-blog.localhost/application/core/DbManager.php:21
Stack trace:
#0 /Users/shiba/shiba_tomoyuki/mini-blog.localhost/application/core/DbManager.php(21): PDO->__construct('mysql:host=loca...', 'root', 'root', Array)
#1 /Users/shiba/shiba_tomoyuki/mini-blog.localhost/application/MiniBlogApplication.php(24): DbManager->connect('master', Array)
#2 /Users/shiba/shiba_tomoyuki/mini-blog.localhost/application/core/Application.php(16): MiniBlogApplication->configure()
#3 /Users/shiba/shiba_tomoyuki/mini-blog.localhost/application/web/index_dev.php(6): Application->__construct(true)
#4 {main}
  thrown in /Users/shiba/shiba_tomoyuki/mini-blog.localhost/application/core/DbManager.php on line 21
[09-Dec-2019 23:23:55 Asia/Tokyo] PHP Notice:  Undefined variable: _file in /Users/shiba/shiba_tomoyuki/mini-blog.localhost/application/core/View.php on line 27
[09-Dec-2019 23:23:55 Asia/Tokyo] PHP Stack trace:
[09-Dec-2019 23:23:55 Asia/Tokyo] PHP   1. {main}() /Users/shiba/shiba_tomoyuki/mini-blog.localhost/application/web/index_dev.php:0
[09-Dec-2019 23:23:55 Asia/Tokyo] PHP   2. MiniBlogApplication->run() /Users/shiba/shiba_tomoyuki/mini-blog.localhost/application/web/index_dev.php:7
[09-Dec-2019 23:23:55 Asia/Tokyo] PHP   3. MiniBlogApplication->runAction($controller_name = *uninitialized*, $action = *uninitialized*, $params = *uninitialized*) /Users/shiba/shiba_tomoyuki/mini-blog.localhost/application/core/Application.php:95
[09-Dec-2019 23:23:55 Asia/Tokyo] PHP   4. AccountController->run($action = *uninitialized*, $params = *uninitialized*) /Users/shiba/shiba_tomoyuki/mini-blog.localhost/application/core/Application.php:114
[09-Dec-2019 23:23:55 Asia/Tokyo] PHP   5. AccountController->signupAction(*uninitialized*) /Users/shiba/shiba_tomoyuki/mini-blog.localhost/application/core/Controller.php:37
[09-Dec-2019 23:23:55 Asia/Tokyo] PHP   6. AccountController->render($variables = *uninitialized*, $template = *uninitialized*, $layout = *uninitialized*) /Users/shiba/shiba_tomoyuki/mini-blog.localhost/application/controllers/AccountController.php:8
[09-Dec-2019 23:23:55 Asia/Tokyo] PHP   7. View->render($_path = *uninitialized*, $_variables = *uninitialized*, $_layout = *uninitialized*) /Users/shiba/shiba_tomoyuki/mini-blog.localhost/application/core/Controller.php:65
[09-Dec-2019 23:23:55 Asia/Tokyo] PHP Warning:  require(): Filename cannot be empty in /Users/shiba/shiba_tomoyuki/mini-blog.localhost/application/core/View.php on line 27
[09-Dec-2019 23:23:55 Asia/Tokyo] PHP Stack trace:
[09-Dec-2019 23:23:55 Asia/Tokyo] PHP   1. {main}() /Users/shiba/shiba_tomoyuki/mini-blog.localhost/application/web/index_dev.php:0
[09-Dec-2019 23:23:55 Asia/Tokyo] PHP   2. MiniBlogApplication->run() /Users/shiba/shiba_tomoyuki/mini-blog.localhost/application/web/index_dev.php:7
[09-Dec-2019 23:23:55 Asia/Tokyo] PHP   3. MiniBlogApplication->runAction($controller_name = *uninitialized*, $action = *uninitialized*, $params = *uninitialized*) /Users/shiba/shiba_tomoyuki/mini-blog.localhost/application/core/Application.php:95
[09-Dec-2019 23:23:55 Asia/Tokyo] PHP   4. AccountController->run($action = *uninitialized*, $params = *uninitialized*) /Users/shiba/shiba_tomoyuki/mini-blog.localhost/application/core/Application.php:114
[09-Dec-2019 23:23:55 Asia/Tokyo] PHP   5. AccountController->signupAction(*uninitialized*) /Users/shiba/shiba_tomoyuki/mini-blog.localhost/application/core/Controller.php:37
[09-Dec-2019 23:23:55 Asia/Tokyo] PHP   6. AccountController->render($variables = *uninitialized*, $template = *uninitialized*, $layout = *uninitialized*) /Users/shiba/shiba_tomoyuki/mini-blog.localhost/application/controllers/AccountController.php:8
[09-Dec-2019 23:23:55 Asia/Tokyo] PHP   7. View->render($_path = *uninitialized*, $_variables = *uninitialized*, $_layout = *uninitialized*) /Users/shiba/shiba_tomoyuki/mini-blog.localhost/application/core/Controller.php:65
[09-Dec-2019 23:23:55 Asia/Tokyo] PHP Fatal error:  require(): Failed opening required '' (include_path='.:/usr/local/Cellar/php@7.2/7.2.22_1/share/php@7.2/pear') in /Users/shiba/shiba_tomoyuki/mini-blog.localhost/application/core/View.php on line 27
[09-Dec-2019 23:23:55 Asia/Tokyo] PHP Stack trace:
[09-Dec-2019 23:23:55 Asia/Tokyo] PHP   1. {main}() /Users/shiba/shiba_tomoyuki/mini-blog.localhost/application/web/index_dev.php:0
[09-Dec-2019 23:23:55 Asia/Tokyo] PHP   2. MiniBlogApplication->run() /Users/shiba/shiba_tomoyuki/mini-blog.localhost/application/web/index_dev.php:7
[09-Dec-2019 23:23:55 Asia/Tokyo] PHP   3. MiniBlogApplication->runAction($controller_name = *uninitialized*, $action = *uninitialized*, $params = *uninitialized*) /Users/shiba/shiba_tomoyuki/mini-blog.localhost/application/core/Application.php:95
[09-Dec-2019 23:23:55 Asia/Tokyo] PHP   4. AccountController->run($action = *uninitialized*, $params = *uninitialized*) /Users/shiba/shiba_tomoyuki/mini-blog.localhost/application/core/Application.php:114
[09-Dec-2019 23:23:55 Asia/Tokyo] PHP   5. AccountController->signupAction(*uninitialized*) /Users/shiba/shiba_tomoyuki/mini-blog.localhost/application/core/Controller.php:37
[09-Dec-2019 23:23:55 Asia/Tokyo] PHP   6. AccountController->render($variables = *uninitialized*, $template = *uninitialized*, $layout = *uninitialized*) /Users/shiba/shiba_tomoyuki/mini-blog.localhost/application/controllers/AccountController.php:8
[09-Dec-2019 23:23:55 Asia/Tokyo] PHP   7. View->render($_path = *uninitialized*, $_variables = *uninitialized*, $_layout = *uninitialized*) /Users/shiba/shiba_tomoyuki/mini-blog.localhost/application/core/Controller.php:65
[09-Dec-2019 23:24:43 Asia/Tokyo] PHP Notice:  Undefined variable: _file in /Users/shiba/shiba_tomoyuki/mini-blog.localhost/application/core/View.php on line 27
[09-Dec-2019 23:24:43 Asia/Tokyo] PHP Stack trace:
[09-Dec-2019 23:24:43 Asia/Tokyo] PHP   1. {main}() /Users/shiba/shiba_tomoyuki/mini-blog.localhost/application/web/index_dev.php:0
[09-Dec-2019 23:24:43 Asia/Tokyo] PHP   2. MiniBlogApplication->run() /Users/shiba/shiba_tomoyuki/mini-blog.localhost/application/web/index_dev.php:7
[09-Dec-2019 23:24:43 Asia/Tokyo] PHP   3. MiniBlogApplication->runAction($controller_name = *uninitialized*, $action = *uninitialized*, $params = *uninitialized*) /Users/shiba/shiba_tomoyuki/mini-blog.localhost/application/core/Application.php:95
[09-Dec-2019 23:24:43 Asia/Tokyo] PHP   4. AccountController->run($action = *uninitialized*, $params = *uninitialized*) /Users/shiba/shiba_tomoyuki/mini-blog.localhost/application/core/Application.php:114
[09-Dec-2019 23:24:43 Asia/Tokyo] PHP   5. AccountController->signupAction(*uninitialized*) /Users/shiba/shiba_tomoyuki/mini-blog.localhost/application/core/Controller.php:37
[09-Dec-2019 23:24:43 Asia/Tokyo] PHP   6. AccountController->render($variables = *uninitialized*, $template = *uninitialized*, $layout = *uninitialized*) /Users/shiba/shiba_tomoyuki/mini-blog.localhost/application/controllers/AccountController.php:8
[09-Dec-2019 23:24:43 Asia/Tokyo] PHP   7. View->render($_path = *uninitialized*, $_variables = *uninitialized*, $_layout = *uninitialized*) /Users/shiba/shiba_tomoyuki/mini-blog.localhost/application/core/Controller.php:65
[09-Dec-2019 23:24:43 Asia/Tokyo] PHP Warning:  require(): Filename cannot be empty in /Users/shiba/shiba_tomoyuki/mini-blog.localhost/application/core/View.php on line 27
[09-Dec-2019 23:24:43 Asia/Tokyo] PHP Stack trace:
[09-Dec-2019 23:24:43 Asia/Tokyo] PHP   1. {main}() /Users/shiba/shiba_tomoyuki/mini-blog.localhost/application/web/index_dev.php:0
[09-Dec-2019 23:24:43 Asia/Tokyo] PHP   2. MiniBlogApplication->run() /Users/shiba/shiba_tomoyuki/mini-blog.localhost/application/web/index_dev.php:7
[09-Dec-2019 23:24:43 Asia/Tokyo] PHP   3. MiniBlogApplication->runAction($controller_name = *uninitialized*, $action = *uninitialized*, $params = *uninitialized*) /Users/shiba/shiba_tomoyuki/mini-blog.localhost/application/core/Application.php:95
[09-Dec-2019 23:24:43 Asia/Tokyo] PHP   4. AccountController->run($action = *uninitialized*, $params = *uninitialized*) /Users/shiba/shiba_tomoyuki/mini-blog.localhost/application/core/Application.php:114
[09-Dec-2019 23:24:43 Asia/Tokyo] PHP   5. AccountController->signupAction(*uninitialized*) /Users/shiba/shiba_tomoyuki/mini-blog.localhost/application/core/Controller.php:37
[09-Dec-2019 23:24:43 Asia/Tokyo] PHP   6. AccountController->render($variables = *uninitialized*, $template = *uninitialized*, $layout = *uninitialized*) /Users/shiba/shiba_tomoyuki/mini-blog.localhost/application/controllers/AccountController.php:8
[09-Dec-2019 23:24:43 Asia/Tokyo] PHP   7. View->render($_path = *uninitialized*, $_variables = *uninitialized*, $_layout = *uninitialized*) /Users/shiba/shiba_tomoyuki/mini-blog.localhost/application/core/Controller.php:65
[09-Dec-2019 23:24:43 Asia/Tokyo] PHP Fatal error:  require(): Failed opening required '' (include_path='.:/usr/local/Cellar/php@7.2/7.2.22_1/share/php@7.2/pear') in /Users/shiba/shiba_tomoyuki/mini-blog.localhost/application/core/View.php on line 27
[09-Dec-2019 23:24:43 Asia/Tokyo] PHP Stack trace:
[09-Dec-2019 23:24:43 Asia/Tokyo] PHP   1. {main}() /Users/shiba/shiba_tomoyuki/mini-blog.localhost/application/web/index_dev.php:0
[09-Dec-2019 23:24:43 Asia/Tokyo] PHP   2. MiniBlogApplication->run() /Users/shiba/shiba_tomoyuki/mini-blog.localhost/application/web/index_dev.php:7
[09-Dec-2019 23:24:43 Asia/Tokyo] PHP   3. MiniBlogApplication->runAction($controller_name = *uninitialized*, $action = *uninitialized*, $params = *uninitialized*) /Users/shiba/shiba_tomoyuki/mini-blog.localhost/application/core/Application.php:95
[09-Dec-2019 23:24:43 Asia/Tokyo] PHP   4. AccountController->run($action = *uninitialized*, $params = *uninitialized*) /Users/shiba/shiba_tomoyuki/mini-blog.localhost/application/core/Application.php:114
[09-Dec-2019 23:24:43 Asia/Tokyo] PHP   5. AccountController->signupAction(*uninitialized*) /Users/shiba/shiba_tomoyuki/mini-blog.localhost/application/core/Controller.php:37
[09-Dec-2019 23:24:43 Asia/Tokyo] PHP   6. AccountController->render($variables = *uninitialized*, $template = *uninitialized*, $layout = *uninitialized*) /Users/shiba/shiba_tomoyuki/mini-blog.localhost/application/controllers/AccountController.php:8
[09-Dec-2019 23:24:43 Asia/Tokyo] PHP   7. View->render($_path = *uninitialized*, $_variables = *uninitialized*, $_layout = *uninitialized*) /Users/shiba/shiba_tomoyuki/mini-blog.localhost/application/core/Controller.php:65
[09-Dec-2019 23:29:14 Asia/Tokyo] PHP Warning:  require(/views/account/signup.php): failed to open stream: No such file or directory in /Users/shiba/shiba_tomoyuki/mini-blog.localhost/application/core/View.php on line 27
[09-Dec-2019 23:29:14 Asia/Tokyo] PHP Stack trace:
[09-Dec-2019 23:29:14 Asia/Tokyo] PHP   1. {main}() /Users/shiba/shiba_tomoyuki/mini-blog.localhost/application/web/index_dev.php:0
[09-Dec-2019 23:29:14 Asia/Tokyo] PHP   2. MiniBlogApplication->run() /Users/shiba/shiba_tomoyuki/mini-blog.localhost/application/web/index_dev.php:7
[09-Dec-2019 23:29:14 Asia/Tokyo] PHP   3. MiniBlogApplication->runAction($controller_name = *uninitialized*, $action = *uninitialized*, $params = *uninitialized*) /Users/shiba/shiba_tomoyuki/mini-blog.localhost/application/core/Application.php:95
[09-Dec-2019 23:29:14 Asia/Tokyo] PHP   4. AccountController->run($action = *uninitialized*, $params = *uninitialized*) /Users/shiba/shiba_tomoyuki/mini-blog.localhost/application/core/Application.php:114
[09-Dec-2019 23:29:14 Asia/Tokyo] PHP   5. AccountController->signupAction(*uninitialized*) /Users/shiba/shiba_tomoyuki/mini-blog.localhost/application/core/Controller.php:37
[09-Dec-2019 23:29:14 Asia/Tokyo] PHP   6. AccountController->render($variables = *uninitialized*, $template = *uninitialized*, $layout = *uninitialized*) /Users/shiba/shiba_tomoyuki/mini-blog.localhost/application/controllers/AccountController.php:8
[09-Dec-2019 23:29:14 Asia/Tokyo] PHP   7. View->render($_path = *uninitialized*, $_variables = *uninitialized*, $_layout = *uninitialized*) /Users/shiba/shiba_tomoyuki/mini-blog.localhost/application/core/Controller.php:65
[09-Dec-2019 23:29:14 Asia/Tokyo] PHP Fatal error:  require(): Failed opening required '/views/account/signup.php' (include_path='.:/usr/local/Cellar/php@7.2/7.2.22_1/share/php@7.2/pear') in /Users/shiba/shiba_tomoyuki/mini-blog.localhost/application/core/View.php on line 27
[09-Dec-2019 23:29:14 Asia/Tokyo] PHP Stack trace:
[09-Dec-2019 23:29:14 Asia/Tokyo] PHP   1. {main}() /Users/shiba/shiba_tomoyuki/mini-blog.localhost/application/web/index_dev.php:0
[09-Dec-2019 23:29:14 Asia/Tokyo] PHP   2. MiniBlogApplication->run() /Users/shiba/shiba_tomoyuki/mini-blog.localhost/application/web/index_dev.php:7
[09-Dec-2019 23:29:14 Asia/Tokyo] PHP   3. MiniBlogApplication->runAction($controller_name = *uninitialized*, $action = *uninitialized*, $params = *uninitialized*) /Users/shiba/shiba_tomoyuki/mini-blog.localhost/application/core/Application.php:95
[09-Dec-2019 23:29:14 Asia/Tokyo] PHP   4. AccountController->run($action = *uninitialized*, $params = *uninitialized*) /Users/shiba/shiba_tomoyuki/mini-blog.localhost/application/core/Application.php:114
[09-Dec-2019 23:29:14 Asia/Tokyo] PHP   5. AccountController->signupAction(*uninitialized*) /Users/shiba/shiba_tomoyuki/mini-blog.localhost/application/core/Controller.php:37
[09-Dec-2019 23:29:14 Asia/Tokyo] PHP   6. AccountController->render($variables = *uninitialized*, $template = *uninitialized*, $layout = *uninitialized*) /Users/shiba/shiba_tomoyuki/mini-blog.localhost/application/controllers/AccountController.php:8
[09-Dec-2019 23:29:14 Asia/Tokyo] PHP   7. View->render($_path = *uninitialized*, $_variables = *uninitialized*, $_layout = *uninitialized*) /Users/shiba/shiba_tomoyuki/mini-blog.localhost/application/core/Controller.php:65
[09-Dec-2019 23:29:16 Asia/Tokyo] PHP Warning:  require(/views/account/signup.php): failed to open stream: No such file or directory in /Users/shiba/shiba_tomoyuki/mini-blog.localhost/application/core/View.php on line 27
[09-Dec-2019 23:29:16 Asia/Tokyo] PHP Stack trace:
[09-Dec-2019 23:29:16 Asia/Tokyo] PHP   1. {main}() /Users/shiba/shiba_tomoyuki/mini-blog.localhost/application/web/index_dev.php:0
[09-Dec-2019 23:29:16 Asia/Tokyo] PHP   2. MiniBlogApplication->run() /Users/shiba/shiba_tomoyuki/mini-blog.localhost/application/web/index_dev.php:7
[09-Dec-2019 23:29:16 Asia/Tokyo] PHP   3. MiniBlogApplication->runAction($controller_name = *uninitialized*, $action = *uninitialized*, $params = *uninitialized*) /Users/shiba/shiba_tomoyuki/mini-blog.localhost/application/core/Application.php:95
[09-Dec-2019 23:29:16 Asia/Tokyo] PHP   4. AccountController->run($action = *uninitialized*, $params = *uninitialized*) /Users/shiba/shiba_tomoyuki/mini-blog.localhost/application/core/Application.php:114
[09-Dec-2019 23:29:16 Asia/Tokyo] PHP   5. AccountController->signupAction(*uninitialized*) /Users/shiba/shiba_tomoyuki/mini-blog.localhost/application/core/Controller.php:37
[09-Dec-2019 23:29:16 Asia/Tokyo] PHP   6. AccountController->render($variables = *uninitialized*, $template = *uninitialized*, $layout = *uninitialized*) /Users/shiba/shiba_tomoyuki/mini-blog.localhost/application/controllers/AccountController.php:8
[09-Dec-2019 23:29:16 Asia/Tokyo] PHP   7. View->render($_path = *uninitialized*, $_variables = *uninitialized*, $_layout = *uninitialized*) /Users/shiba/shiba_tomoyuki/mini-blog.localhost/application/core/Controller.php:65
[09-Dec-2019 23:29:16 Asia/Tokyo] PHP Fatal error:  require(): Failed opening required '/views/account/signup.php' (include_path='.:/usr/local/Cellar/php@7.2/7.2.22_1/share/php@7.2/pear') in /Users/shiba/shiba_tomoyuki/mini-blog.localhost/application/core/View.php on line 27
[09-Dec-2019 23:29:16 Asia/Tokyo] PHP Stack trace:
[09-Dec-2019 23:29:16 Asia/Tokyo] PHP   1. {main}() /Users/shiba/shiba_tomoyuki/mini-blog.localhost/application/web/index_dev.php:0
[09-Dec-2019 23:29:16 Asia/Tokyo] PHP   2. MiniBlogApplication->run() /Users/shiba/shiba_tomoyuki/mini-blog.localhost/application/web/index_dev.php:7
[09-Dec-2019 23:29:16 Asia/Tokyo] PHP   3. MiniBlogApplication->runAction($controller_name = *uninitialized*, $action = *uninitialized*, $params = *uninitialized*) /Users/shiba/shiba_tomoyuki/mini-blog.localhost/application/core/Application.php:95
[09-Dec-2019 23:29:16 Asia/Tokyo] PHP   4. AccountController->run($action = *uninitialized*, $params = *uninitialized*) /Users/shiba/shiba_tomoyuki/mini-blog.localhost/application/core/Application.php:114
[09-Dec-2019 23:29:16 Asia/Tokyo] PHP   5. AccountController->signupAction(*uninitialized*) /Users/shiba/shiba_tomoyuki/mini-blog.localhost/application/core/Controller.php:37
[09-Dec-2019 23:29:16 Asia/Tokyo] PHP   6. AccountController->render($variables = *uninitialized*, $template = *uninitialized*, $layout = *uninitialized*) /Users/shiba/shiba_tomoyuki/mini-blog.localhost/application/controllers/AccountController.php:8
[09-Dec-2019 23:29:16 Asia/Tokyo] PHP   7. View->render($_path = *uninitialized*, $_variables = *uninitialized*, $_layout = *uninitialized*) /Users/shiba/shiba_tomoyuki/mini-blog.localhost/application/core/Controller.php:65
[09-Dec-2019 23:36:49 Asia/Tokyo] PHP Fatal error:  Uncaught Error: Call to undefined method Response::serContent() in /Users/shiba/shiba_tomoyuki/mini-blog.localhost/application/core/Application.php:116
Stack trace:
#0 /Users/shiba/shiba_tomoyuki/mini-blog.localhost/application/core/Application.php(95): Application->runAction('account', 'signup', Array)
#1 /Users/shiba/shiba_tomoyuki/mini-blog.localhost/application/web/index_dev.php(7): Application->run()
#2 {main}
  thrown in /Users/shiba/shiba_tomoyuki/mini-blog.localhost/application/core/Application.php on line 116
[09-Dec-2019 23:36:51 Asia/Tokyo] PHP Fatal error:  Uncaught Error: Call to undefined method Response::serContent() in /Users/shiba/shiba_tomoyuki/mini-blog.localhost/application/core/Application.php:116
Stack trace:
#0 /Users/shiba/shiba_tomoyuki/mini-blog.localhost/application/core/Application.php(95): Application->runAction('account', 'signup', Array)
#1 /Users/shiba/shiba_tomoyuki/mini-blog.localhost/application/web/index_dev.php(7): Application->run()
#2 {main}
  thrown in /Users/shiba/shiba_tomoyuki/mini-blog.localhost/application/core/Application.php on line 116
[09-Dec-2019 23:36:52 Asia/Tokyo] PHP Fatal error:  Uncaught Error: Call to undefined method Response::serContent() in /Users/shiba/shiba_tomoyuki/mini-blog.localhost/application/core/Application.php:116
Stack trace:
#0 /Users/shiba/shiba_tomoyuki/mini-blog.localhost/application/core/Application.php(95): Application->runAction('account', 'signup', Array)
#1 /Users/shiba/shiba_tomoyuki/mini-blog.localhost/application/web/index_dev.php(7): Application->run()
#2 {main}
  thrown in /Users/shiba/shiba_tomoyuki/mini-blog.localhost/application/core/Application.php on line 116
[10-Dec-2019 21:48:56 Asia/Tokyo] PHP Notice:  Undefined variable: token in /Users/shiba/shiba_tomoyuki/mini-blog.localhost/application/views/account/signup.php on line 6
[10-Dec-2019 21:48:56 Asia/Tokyo] PHP Stack trace:
[10-Dec-2019 21:48:56 Asia/Tokyo] PHP   1. {main}() /Users/shiba/shiba_tomoyuki/mini-blog.localhost/application/web/index_dev.php:0
[10-Dec-2019 21:48:56 Asia/Tokyo] PHP   2. MiniBlogApplication->run() /Users/shiba/shiba_tomoyuki/mini-blog.localhost/application/web/index_dev.php:7
[10-Dec-2019 21:48:56 Asia/Tokyo] PHP   3. MiniBlogApplication->runAction($controller_name = *uninitialized*, $action = *uninitialized*, $params = *uninitialized*) /Users/shiba/shiba_tomoyuki/mini-blog.localhost/application/core/Application.php:95
[10-Dec-2019 21:48:56 Asia/Tokyo] PHP   4. AccountController->run($action = *uninitialized*, $params = *uninitialized*) /Users/shiba/shiba_tomoyuki/mini-blog.localhost/application/core/Application.php:114
[10-Dec-2019 21:48:56 Asia/Tokyo] PHP   5. AccountController->signupAction(*uninitialized*) /Users/shiba/shiba_tomoyuki/mini-blog.localhost/application/core/Controller.php:37
[10-Dec-2019 21:48:56 Asia/Tokyo] PHP   6. AccountController->render($variables = *uninitialized*, $template = *uninitialized*, $layout = *uninitialized*) /Users/shiba/shiba_tomoyuki/mini-blog.localhost/application/controllers/AccountController.php:10
[10-Dec-2019 21:48:56 Asia/Tokyo] PHP   7. View->render($_path = *uninitialized*, $_variables = *uninitialized*, $_layout = *uninitialized*) /Users/shiba/shiba_tomoyuki/mini-blog.localhost/application/core/Controller.php:65
[10-Dec-2019 21:48:56 Asia/Tokyo] PHP   8. require() /Users/shiba/shiba_tomoyuki/mini-blog.localhost/application/core/View.php:27
[10-Dec-2019 21:55:24 Asia/Tokyo] PHP Fatal error:  Uncaught PDOException: SQLSTATE[HY093]: Invalid parameter number: number of bound variables does not match number of tokens in /Users/shiba/shiba_tomoyuki/mini-blog.localhost/application/core/DBRepository.php:19
Stack trace:
#0 /Users/shiba/shiba_tomoyuki/mini-blog.localhost/application/core/DBRepository.php(19): PDOStatement->execute(Array)
#1 /Users/shiba/shiba_tomoyuki/mini-blog.localhost/application/models/UserRepository.php(15): DBRepository->execute('INSERT INTO use...', Array)
#2 /Users/shiba/shiba_tomoyuki/mini-blog.localhost/application/controllers/AccountController.php(45): UserRepository->insert('shiba', 'ed80349494c58d9...')
#3 /Users/shiba/shiba_tomoyuki/mini-blog.localhost/application/core/Controller.php(37): AccountController->registerAction(Array)
#4 /Users/shiba/shiba_tomoyuki/mini-blog.localhost/application/core/Application.php(114): Controller->run('register', Array)
#5 /Users/shiba/shiba_tomoyuki/mini-blog.localhost/application/core/Application.php(95): Application->runAction('account', 'r in /Users/shiba/shiba_tomoyuki/mini-blog.localhost/application/core/DBRepository.php on line 19
[10-Dec-2019 21:58:54 Asia/Tokyo] PHP Fatal error:  Uncaught PDOException: SQLSTATE[HY093]: Invalid parameter number: number of bound variables does not match number of tokens in /Users/shiba/shiba_tomoyuki/mini-blog.localhost/application/core/DBRepository.php:19
Stack trace:
#0 /Users/shiba/shiba_tomoyuki/mini-blog.localhost/application/core/DBRepository.php(19): PDOStatement->execute(Array)
#1 /Users/shiba/shiba_tomoyuki/mini-blog.localhost/application/models/UserRepository.php(15): DBRepository->execute('INSERT INTO use...', Array)
#2 /Users/shiba/shiba_tomoyuki/mini-blog.localhost/application/controllers/AccountController.php(45): UserRepository->insert('shiba', 'ed80349494c58d9...')
#3 /Users/shiba/shiba_tomoyuki/mini-blog.localhost/application/core/Controller.php(37): AccountController->registerAction(Array)
#4 /Users/shiba/shiba_tomoyuki/mini-blog.localhost/application/core/Application.php(114): Controller->run('register', Array)
#5 /Users/shiba/shiba_tomoyuki/mini-blog.localhost/application/core/Application.php(95): Application->runAction('account', 'r in /Users/shiba/shiba_tomoyuki/mini-blog.localhost/application/core/DBRepository.php on line 19
[10-Dec-2019 21:59:07 Asia/Tokyo] PHP Fatal error:  Uncaught PDOException: SQLSTATE[HY093]: Invalid parameter number: number of bound variables does not match number of tokens in /Users/shiba/shiba_tomoyuki/mini-blog.localhost/application/core/DBRepository.php:19
Stack trace:
#0 /Users/shiba/shiba_tomoyuki/mini-blog.localhost/application/core/DBRepository.php(19): PDOStatement->execute(Array)
#1 /Users/shiba/shiba_tomoyuki/mini-blog.localhost/application/models/UserRepository.php(15): DBRepository->execute('INSERT INTO use...', Array)
#2 /Users/shiba/shiba_tomoyuki/mini-blog.localhost/application/controllers/AccountController.php(45): UserRepository->insert('shiba', 'ed80349494c58d9...')
#3 /Users/shiba/shiba_tomoyuki/mini-blog.localhost/application/core/Controller.php(37): AccountController->registerAction(Array)
#4 /Users/shiba/shiba_tomoyuki/mini-blog.localhost/application/core/Application.php(114): Controller->run('register', Array)
#5 /Users/shiba/shiba_tomoyuki/mini-blog.localhost/application/core/Application.php(95): Application->runAction('account', 'r in /Users/shiba/shiba_tomoyuki/mini-blog.localhost/application/core/DBRepository.php on line 19
[10-Dec-2019 21:59:29 Asia/Tokyo] PHP Fatal error:  Uncaught PDOException: SQLSTATE[HY093]: Invalid parameter number: number of bound variables does not match number of tokens in /Users/shiba/shiba_tomoyuki/mini-blog.localhost/application/core/DBRepository.php:19
Stack trace:
#0 /Users/shiba/shiba_tomoyuki/mini-blog.localhost/application/core/DBRepository.php(19): PDOStatement->execute(Array)
#1 /Users/shiba/shiba_tomoyuki/mini-blog.localhost/application/models/UserRepository.php(15): DBRepository->execute('INSERT INTO use...', Array)
#2 /Users/shiba/shiba_tomoyuki/mini-blog.localhost/application/controllers/AccountController.php(45): UserRepository->insert('shiba', 'ed80349494c58d9...')
#3 /Users/shiba/shiba_tomoyuki/mini-blog.localhost/application/core/Controller.php(37): AccountController->registerAction(Array)
#4 /Users/shiba/shiba_tomoyuki/mini-blog.localhost/application/core/Application.php(114): Controller->run('register', Array)
#5 /Users/shiba/shiba_tomoyuki/mini-blog.localhost/application/core/Application.php(95): Application->runAction('account', 'r in /Users/shiba/shiba_tomoyuki/mini-blog.localhost/application/core/DBRepository.php on line 19
[10-Dec-2019 22:05:26 Asia/Tokyo] PHP Fatal error:  Uncaught PDOException: SQLSTATE[HY093]: Invalid parameter number: number of bound variables does not match number of tokens in /Users/shiba/shiba_tomoyuki/mini-blog.localhost/application/core/DBRepository.php:19
Stack trace:
#0 /Users/shiba/shiba_tomoyuki/mini-blog.localhost/application/core/DBRepository.php(19): PDOStatement->execute(Array)
#1 /Users/shiba/shiba_tomoyuki/mini-blog.localhost/application/models/UserRepository.php(15): DBRepository->execute('INSERT INTO use...', Array)
#2 /Users/shiba/shiba_tomoyuki/mini-blog.localhost/application/controllers/AccountController.php(45): UserRepository->insert('shiba', 'ed80349494c58d9...')
#3 /Users/shiba/shiba_tomoyuki/mini-blog.localhost/application/core/Controller.php(37): AccountController->registerAction(Array)
#4 /Users/shiba/shiba_tomoyuki/mini-blog.localhost/application/core/Application.php(114): Controller->run('register', Array)
#5 /Users/shiba/shiba_tomoyuki/mini-blog.localhost/application/core/Application.php(95): Application->runAction('account', 'r in /Users/shiba/shiba_tomoyuki/mini-blog.localhost/application/core/DBRepository.php on line 19
[10-Dec-2019 22:05:52 Asia/Tokyo] PHP Fatal error:  Uncaught PDOException: SQLSTATE[42000]: Syntax error or access violation: 1064 You have an error in your SQL syntax; check the manual that corresponds to your MySQL server version for the right syntax to use near ''ed80349494c58d9fbc8d9a7e42750a5870421dee',　'2019-12-10 22:05:49')' at line 1 in /Users/shiba/shiba_tomoyuki/mini-blog.localhost/application/core/DBRepository.php:19
Stack trace:
#0 /Users/shiba/shiba_tomoyuki/mini-blog.localhost/application/core/DBRepository.php(19): PDOStatement->execute(Array)
#1 /Users/shiba/shiba_tomoyuki/mini-blog.localhost/application/models/UserRepository.php(15): DBRepository->execute('INSERT INTO use...', Array)
#2 /Users/shiba/shiba_tomoyuki/mini-blog.localhost/application/controllers/AccountController.php(45): UserRepository->insert('shiba', 'ed80349494c58d9...')
#3 /Users/shiba/shiba_tomoyuki/mini-blog.localhost/application/core/Controller.php(37): AccountController->registerAction(Array)
#4 /Users/shiba/shiba_tomoyuki/mini-blog.localhost/application/core/Application. in /Users/shiba/shiba_tomoyuki/mini-blog.localhost/application/core/DBRepository.php on line 19
[10-Dec-2019 22:15:17 Asia/Tokyo] PHP Fatal error:  Uncaught PDOException: SQLSTATE[42000]: Syntax error or access violation: 1064 You have an error in your SQL syntax; check the manual that corresponds to your MySQL server version for the right syntax to use near ''ed80349494c58d9fbc8d9a7e42750a5870421dee',　'2019-12-10 22:14:10')' at line 1 in /Users/shiba/shiba_tomoyuki/mini-blog.localhost/application/core/DBRepository.php:19
Stack trace:
#0 /Users/shiba/shiba_tomoyuki/mini-blog.localhost/application/core/DBRepository.php(19): PDOStatement->execute(Array)
#1 /Users/shiba/shiba_tomoyuki/mini-blog.localhost/application/models/UserRepository.php(15): DBRepository->execute('INSERT INTO use...', Array)
#2 /Users/shiba/shiba_tomoyuki/mini-blog.localhost/application/controllers/AccountController.php(45): UserRepository->insert('shiba', 'ed80349494c58d9...')
#3 /Users/shiba/shiba_tomoyuki/mini-blog.localhost/application/core/Controller.php(37): AccountController->registerAction(Array)
#4 /Users/shiba/shiba_tomoyuki/mini-blog.localhost/application/core/Application. in /Users/shiba/shiba_tomoyuki/mini-blog.localhost/application/core/DBRepository.php on line 19
[10-Dec-2019 22:15:37 Asia/Tokyo] PHP Fatal error:  Uncaught PDOException: SQLSTATE[42000]: Syntax error or access violation: 1064 You have an error in your SQL syntax; check the manual that corresponds to your MySQL server version for the right syntax to use near ''ed80349494c58d9fbc8d9a7e42750a5870421dee',　'2019-12-10 22:15:30')' at line 1 in /Users/shiba/shiba_tomoyuki/mini-blog.localhost/application/core/DBRepository.php:19
Stack trace:
#0 /Users/shiba/shiba_tomoyuki/mini-blog.localhost/application/core/DBRepository.php(19): PDOStatement->execute(Array)
#1 /Users/shiba/shiba_tomoyuki/mini-blog.localhost/application/models/UserRepository.php(15): DBRepository->execute('INSERT INTO use...', Array)
#2 /Users/shiba/shiba_tomoyuki/mini-blog.localhost/application/controllers/AccountController.php(45): UserRepository->insert('shiba', 'ed80349494c58d9...')
#3 /Users/shiba/shiba_tomoyuki/mini-blog.localhost/application/core/Controller.php(37): AccountController->registerAction(Array)
#4 /Users/shiba/shiba_tomoyuki/mini-blog.localhost/application/core/Application. in /Users/shiba/shiba_tomoyuki/mini-blog.localhost/application/core/DBRepository.php on line 19
[10-Dec-2019 22:16:08 Asia/Tokyo] PHP Fatal error:  Uncaught PDOException: SQLSTATE[42000]: Syntax error or access violation: 1064 You have an error in your SQL syntax; check the manual that corresponds to your MySQL server version for the right syntax to use near ''ed80349494c58d9fbc8d9a7e42750a5870421dee',　'2019-12-10 22:16:05')' at line 1 in /Users/shiba/shiba_tomoyuki/mini-blog.localhost/application/core/DBRepository.php:19
Stack trace:
#0 /Users/shiba/shiba_tomoyuki/mini-blog.localhost/application/core/DBRepository.php(19): PDOStatement->execute(Array)
#1 /Users/shiba/shiba_tomoyuki/mini-blog.localhost/application/models/UserRepository.php(15): DBRepository->execute('INSERT INTO use...', Array)
#2 /Users/shiba/shiba_tomoyuki/mini-blog.localhost/application/controllers/AccountController.php(45): UserRepository->insert('shiba', 'ed80349494c58d9...')
#3 /Users/shiba/shiba_tomoyuki/mini-blog.localhost/application/core/Controller.php(37): AccountController->registerAction(Array)
#4 /Users/shiba/shiba_tomoyuki/mini-blog.localhost/application/core/Application. in /Users/shiba/shiba_tomoyuki/mini-blog.localhost/application/core/DBRepository.php on line 19
[10-Dec-2019 22:19:05 Asia/Tokyo] PHP Fatal error:  Uncaught PDOException: SQLSTATE[42000]: Syntax error or access violation: 1064 You have an error in your SQL syntax; check the manual that corresponds to your MySQL server version for the right syntax to use near ''ed80349494c58d9fbc8d9a7e42750a5870421dee',　'2019-12-10 22:19:05')' at line 1 in /Users/shiba/shiba_tomoyuki/mini-blog.localhost/application/core/DBRepository.php:19
Stack trace:
#0 /Users/shiba/shiba_tomoyuki/mini-blog.localhost/application/core/DBRepository.php(19): PDOStatement->execute(Array)
#1 /Users/shiba/shiba_tomoyuki/mini-blog.localhost/application/models/UserRepository.php(15): DBRepository->execute('INSERT INTO use...', Array)
#2 /Users/shiba/shiba_tomoyuki/mini-blog.localhost/application/controllers/AccountController.php(45): UserRepository->insert('shiba', 'ed80349494c58d9...')
#3 /Users/shiba/shiba_tomoyuki/mini-blog.localhost/application/core/Controller.php(37): AccountController->registerAction(Array)
#4 /Users/shiba/shiba_tomoyuki/mini-blog.localhost/application/core/Application. in /Users/shiba/shiba_tomoyuki/mini-blog.localhost/application/core/DBRepository.php on line 19
[10-Dec-2019 22:20:12 Asia/Tokyo] PHP Fatal error:  Uncaught PDOException: SQLSTATE[42000]: Syntax error or access violation: 1064 You have an error in your SQL syntax; check the manual that corresponds to your MySQL server version for the right syntax to use near ''ed80349494c58d9fbc8d9a7e42750a5870421dee',　'2019-12-10 22:20:12')' at line 1 in /Users/shiba/shiba_tomoyuki/mini-blog.localhost/application/core/DBRepository.php:19
Stack trace:
#0 /Users/shiba/shiba_tomoyuki/mini-blog.localhost/application/core/DBRepository.php(19): PDOStatement->execute(Array)
#1 /Users/shiba/shiba_tomoyuki/mini-blog.localhost/application/models/UserRepository.php(15): DBRepository->execute('INSERT INTO use...', Array)
#2 /Users/shiba/shiba_tomoyuki/mini-blog.localhost/application/controllers/AccountController.php(45): UserRepository->insert('shiba', 'ed80349494c58d9...')
#3 /Users/shiba/shiba_tomoyuki/mini-blog.localhost/application/core/Controller.php(37): AccountController->registerAction(Array)
#4 /Users/shiba/shiba_tomoyuki/mini-blog.localhost/application/core/Application. in /Users/shiba/shiba_tomoyuki/mini-blog.localhost/application/core/DBRepository.php on line 19
[10-Dec-2019 22:23:12 Asia/Tokyo] PHP Fatal error:  Uncaught PDOException: SQLSTATE[42000]: Syntax error or access violation: 1064 You have an error in your SQL syntax; check the manual that corresponds to your MySQL server version for the right syntax to use near ''ed80349494c58d9fbc8d9a7e42750a5870421dee',　'2019-12-10 22:22:48')' at line 1 in /Users/shiba/shiba_tomoyuki/mini-blog.localhost/application/core/DBRepository.php:19
Stack trace:
#0 /Users/shiba/shiba_tomoyuki/mini-blog.localhost/application/core/DBRepository.php(19): PDOStatement->execute(Array)
#1 /Users/shiba/shiba_tomoyuki/mini-blog.localhost/application/models/UserRepository.php(15): DBRepository->execute('INSERT INTO use...', Array)
#2 /Users/shiba/shiba_tomoyuki/mini-blog.localhost/application/controllers/AccountController.php(45): UserRepository->insert('shiba', 'ed80349494c58d9...')
#3 /Users/shiba/shiba_tomoyuki/mini-blog.localhost/application/core/Controller.php(37): AccountController->registerAction(Array)
#4 /Users/shiba/shiba_tomoyuki/mini-blog.localhost/application/core/Application. in /Users/shiba/shiba_tomoyuki/mini-blog.localhost/application/core/DBRepository.php on line 19
[10-Dec-2019 22:24:28 Asia/Tokyo] PHP Fatal error:  Uncaught PDOException: SQLSTATE[42000]: Syntax error or access violation: 1064 You have an error in your SQL syntax; check the manual that corresponds to your MySQL server version for the right syntax to use near ''ed80349494c58d9fbc8d9a7e42750a5870421dee',　'2019-12-10 22:24:22')' at line 1 in /Users/shiba/shiba_tomoyuki/mini-blog.localhost/application/core/DBRepository.php:19
Stack trace:
#0 /Users/shiba/shiba_tomoyuki/mini-blog.localhost/application/core/DBRepository.php(19): PDOStatement->execute(Array)
#1 /Users/shiba/shiba_tomoyuki/mini-blog.localhost/application/models/UserRepository.php(15): DBRepository->execute('INSERT INTO use...', Array)
#2 /Users/shiba/shiba_tomoyuki/mini-blog.localhost/application/controllers/AccountController.php(45): UserRepository->insert('shiba', 'ed80349494c58d9...')
#3 /Users/shiba/shiba_tomoyuki/mini-blog.localhost/application/core/Controller.php(37): AccountController->registerAction(Array)
#4 /Users/shiba/shiba_tomoyuki/mini-blog.localhost/application/core/Application. in /Users/shiba/shiba_tomoyuki/mini-blog.localhost/application/core/DBRepository.php on line 19
[10-Dec-2019 22:25:39 Asia/Tokyo] PHP Fatal error:  Uncaught PDOException: SQLSTATE[42000]: Syntax error or access violation: 1064 You have an error in your SQL syntax; check the manual that corresponds to your MySQL server version for the right syntax to use near ''ed80349494c58d9fbc8d9a7e42750a5870421dee',　'2019-12-10 22:24:58')' at line 1 in /Users/shiba/shiba_tomoyuki/mini-blog.localhost/application/core/DBRepository.php:20
Stack trace:
#0 /Users/shiba/shiba_tomoyuki/mini-blog.localhost/application/core/DBRepository.php(20): PDOStatement->execute(Array)
#1 /Users/shiba/shiba_tomoyuki/mini-blog.localhost/application/models/UserRepository.php(15): DBRepository->execute('INSERT INTO use...', Array)
#2 /Users/shiba/shiba_tomoyuki/mini-blog.localhost/application/controllers/AccountController.php(45): UserRepository->insert('shiba', 'ed80349494c58d9...')
#3 /Users/shiba/shiba_tomoyuki/mini-blog.localhost/application/core/Controller.php(37): AccountController->registerAction(Array)
#4 /Users/shiba/shiba_tomoyuki/mini-blog.localhost/application/core/Application. in /Users/shiba/shiba_tomoyuki/mini-blog.localhost/application/core/DBRepository.php on line 20
[10-Dec-2019 22:27:11 Asia/Tokyo] PHP Fatal error:  Uncaught PDOException: SQLSTATE[42000]: Syntax error or access violation: 1064 You have an error in your SQL syntax; check the manual that corresponds to your MySQL server version for the right syntax to use near ''ed80349494c58d9fbc8d9a7e42750a5870421dee',　'2019-12-10 22:27:09')' at line 1 in /Users/shiba/shiba_tomoyuki/mini-blog.localhost/application/core/DBRepository.php:20
Stack trace:
#0 /Users/shiba/shiba_tomoyuki/mini-blog.localhost/application/core/DBRepository.php(20): PDOStatement->execute(Array)
#1 /Users/shiba/shiba_tomoyuki/mini-blog.localhost/application/models/UserRepository.php(15): DBRepository->execute('INSERT INTO `us...', Array)
#2 /Users/shiba/shiba_tomoyuki/mini-blog.localhost/application/controllers/AccountController.php(45): UserRepository->insert('shiba', 'ed80349494c58d9...')
#3 /Users/shiba/shiba_tomoyuki/mini-blog.localhost/application/core/Controller.php(37): AccountController->registerAction(Array)
#4 /Users/shiba/shiba_tomoyuki/mini-blog.localhost/application/core/Application. in /Users/shiba/shiba_tomoyuki/mini-blog.localhost/application/core/DBRepository.php on line 20
[10-Dec-2019 22:27:46 Asia/Tokyo] PHP Fatal error:  Uncaught PDOException: SQLSTATE[42000]: Syntax error or access violation: 1064 You have an error in your SQL syntax; check the manual that corresponds to your MySQL server version for the right syntax to use near ''ed80349494c58d9fbc8d9a7e42750a5870421dee',　'2019-12-10 22:27:46')' at line 1 in /Users/shiba/shiba_tomoyuki/mini-blog.localhost/application/core/DBRepository.php:20
Stack trace:
#0 /Users/shiba/shiba_tomoyuki/mini-blog.localhost/application/core/DBRepository.php(20): PDOStatement->execute(Array)
#1 /Users/shiba/shiba_tomoyuki/mini-blog.localhost/application/models/UserRepository.php(15): DBRepository->execute('INSERT INTO `us...', Array)
#2 /Users/shiba/shiba_tomoyuki/mini-blog.localhost/application/controllers/AccountController.php(45): UserRepository->insert('shiba', 'ed80349494c58d9...')
#3 /Users/shiba/shiba_tomoyuki/mini-blog.localhost/application/core/Controller.php(37): AccountController->registerAction(Array)
#4 /Users/shiba/shiba_tomoyuki/mini-blog.localhost/application/core/Application. in /Users/shiba/shiba_tomoyuki/mini-blog.localhost/application/core/DBRepository.php on line 20
[10-Dec-2019 22:28:12 Asia/Tokyo] PHP Fatal error:  Uncaught PDOException: SQLSTATE[42000]: Syntax error or access violation: 1064 You have an error in your SQL syntax; check the manual that corresponds to your MySQL server version for the right syntax to use near ''ed80349494c58d9fbc8d9a7e42750a5870421dee',　'2019-12-10 22:28:12')' at line 1 in /Users/shiba/shiba_tomoyuki/mini-blog.localhost/application/core/DBRepository.php:20
Stack trace:
#0 /Users/shiba/shiba_tomoyuki/mini-blog.localhost/application/core/DBRepository.php(20): PDOStatement->execute(Array)
#1 /Users/shiba/shiba_tomoyuki/mini-blog.localhost/application/models/UserRepository.php(15): DBRepository->execute('INSERT INTO `us...', Array)
#2 /Users/shiba/shiba_tomoyuki/mini-blog.localhost/application/controllers/AccountController.php(45): UserRepository->insert('shiba', 'ed80349494c58d9...')
#3 /Users/shiba/shiba_tomoyuki/mini-blog.localhost/application/core/Controller.php(37): AccountController->registerAction(Array)
#4 /Users/shiba/shiba_tomoyuki/mini-blog.localhost/application/core/Application. in /Users/shiba/shiba_tomoyuki/mini-blog.localhost/application/core/DBRepository.php on line 20
[10-Dec-2019 22:30:19 Asia/Tokyo] PHP Fatal error:  Uncaught PDOException: SQLSTATE[42000]: Syntax error or access violation: 1064 You have an error in your SQL syntax; check the manual that corresponds to your MySQL server version for the right syntax to use near ''ed80349494c58d9fbc8d9a7e42750a5870421dee',　'2019-12-10 22:30:19')' at line 1 in /Users/shiba/shiba_tomoyuki/mini-blog.localhost/application/core/DBRepository.php:20
Stack trace:
#0 /Users/shiba/shiba_tomoyuki/mini-blog.localhost/application/core/DBRepository.php(20): PDOStatement->execute(Array)
#1 /Users/shiba/shiba_tomoyuki/mini-blog.localhost/application/models/UserRepository.php(15): DBRepository->execute('INSERT INTO `us...', Array)
#2 /Users/shiba/shiba_tomoyuki/mini-blog.localhost/application/controllers/AccountController.php(45): UserRepository->insert('shiba', 'ed80349494c58d9...')
#3 /Users/shiba/shiba_tomoyuki/mini-blog.localhost/application/core/Controller.php(37): AccountController->registerAction(Array)
#4 /Users/shiba/shiba_tomoyuki/mini-blog.localhost/application/core/Application. in /Users/shiba/shiba_tomoyuki/mini-blog.localhost/application/core/DBRepository.php on line 20
[10-Dec-2019 22:31:20 Asia/Tokyo] PHP Fatal error:  Uncaught PDOException: SQLSTATE[42000]: Syntax error or access violation: 1064 You have an error in your SQL syntax; check the manual that corresponds to your MySQL server version for the right syntax to use near ''ed80349494c58d9fbc8d9a7e42750a5870421dee',　'2019-12-10 22:31:20')' at line 1 in /Users/shiba/shiba_tomoyuki/mini-blog.localhost/application/core/DBRepository.php:20
Stack trace:
#0 /Users/shiba/shiba_tomoyuki/mini-blog.localhost/application/core/DBRepository.php(20): PDOStatement->execute(Array)
#1 /Users/shiba/shiba_tomoyuki/mini-blog.localhost/application/models/UserRepository.php(15): DBRepository->execute('INSERT INTO `us...', Array)
#2 /Users/shiba/shiba_tomoyuki/mini-blog.localhost/application/controllers/AccountController.php(45): UserRepository->insert('shiba', 'ed80349494c58d9...')
#3 /Users/shiba/shiba_tomoyuki/mini-blog.localhost/application/core/Controller.php(37): AccountController->registerAction(Array)
#4 /Users/shiba/shiba_tomoyuki/mini-blog.localhost/application/core/Application. in /Users/shiba/shiba_tomoyuki/mini-blog.localhost/application/core/DBRepository.php on line 20
[10-Dec-2019 22:32:42 Asia/Tokyo] PHP Fatal error:  Uncaught PDOException: SQLSTATE[42000]: Syntax error or access violation: 1064 You have an error in your SQL syntax; check the manual that corresponds to your MySQL server version for the right syntax to use near ''ed80349494c58d9fbc8d9a7e42750a5870421dee',　'2019-12-10 22:32:42')' at line 1 in /Users/shiba/shiba_tomoyuki/mini-blog.localhost/application/core/DBRepository.php:20
Stack trace:
#0 /Users/shiba/shiba_tomoyuki/mini-blog.localhost/application/core/DBRepository.php(20): PDOStatement->execute(Array)
#1 /Users/shiba/shiba_tomoyuki/mini-blog.localhost/application/models/UserRepository.php(15): DBRepository->execute('INSERT INTO `us...', Array)
#2 /Users/shiba/shiba_tomoyuki/mini-blog.localhost/application/controllers/AccountController.php(45): UserRepository->insert('shiba', 'ed80349494c58d9...')
#3 /Users/shiba/shiba_tomoyuki/mini-blog.localhost/application/core/Controller.php(37): AccountController->registerAction(Array)
#4 /Users/shiba/shiba_tomoyuki/mini-blog.localhost/application/core/Application. in /Users/shiba/shiba_tomoyuki/mini-blog.localhost/application/core/DBRepository.php on line 20
[10-Dec-2019 22:33:12 Asia/Tokyo] PHP Fatal error:  Uncaught PDOException: SQLSTATE[42000]: Syntax error or access violation: 1064 You have an error in your SQL syntax; check the manual that corresponds to your MySQL server version for the right syntax to use near ''ed80349494c58d9fbc8d9a7e42750a5870421dee',　'2019-12-10 22:33:12')' at line 1 in /Users/shiba/shiba_tomoyuki/mini-blog.localhost/application/core/DBRepository.php:20
Stack trace:
#0 /Users/shiba/shiba_tomoyuki/mini-blog.localhost/application/core/DBRepository.php(20): PDOStatement->execute(Array)
#1 /Users/shiba/shiba_tomoyuki/mini-blog.localhost/application/models/UserRepository.php(15): DBRepository->execute('INSERT INTO `us...', Array)
#2 /Users/shiba/shiba_tomoyuki/mini-blog.localhost/application/controllers/AccountController.php(45): UserRepository->insert('shiba', 'ed80349494c58d9...')
#3 /Users/shiba/shiba_tomoyuki/mini-blog.localhost/application/core/Controller.php(37): AccountController->registerAction(Array)
#4 /Users/shiba/shiba_tomoyuki/mini-blog.localhost/application/core/Application. in /Users/shiba/shiba_tomoyuki/mini-blog.localhost/application/core/DBRepository.php on line 20
[10-Dec-2019 22:37:33 Asia/Tokyo] PHP Fatal error:  Uncaught PDOException: SQLSTATE[42000]: Syntax error or access violation: 1064 You have an error in your SQL syntax; check the manual that corresponds to your MySQL server version for the right syntax to use near ''ed80349494c58d9fbc8d9a7e42750a5870421dee',　'2019-12-10 22:35:24')' at line 1 in /Users/shiba/shiba_tomoyuki/mini-blog.localhost/application/core/DBRepository.php:19
Stack trace:
#0 /Users/shiba/shiba_tomoyuki/mini-blog.localhost/application/core/DBRepository.php(19): PDOStatement->execute(Array)
#1 /Users/shiba/shiba_tomoyuki/mini-blog.localhost/application/models/UserRepository.php(15): DBRepository->execute('INSERT INTO `us...', Array)
#2 /Users/shiba/shiba_tomoyuki/mini-blog.localhost/application/controllers/AccountController.php(45): UserRepository->insert('shiba', 'ed80349494c58d9...')
#3 /Users/shiba/shiba_tomoyuki/mini-blog.localhost/application/core/Controller.php(37): AccountController->registerAction(Array)
#4 /Users/shiba/shiba_tomoyuki/mini-blog.localhost/application/core/Application. in /Users/shiba/shiba_tomoyuki/mini-blog.localhost/application/core/DBRepository.php on line 19
[10-Dec-2019 22:37:52 Asia/Tokyo] PHP Fatal error:  Uncaught PDOException: SQLSTATE[42000]: Syntax error or access violation: 1064 You have an error in your SQL syntax; check the manual that corresponds to your MySQL server version for the right syntax to use near ''ed80349494c58d9fbc8d9a7e42750a5870421dee',　'2019-12-10 22:37:52')' at line 1 in /Users/shiba/shiba_tomoyuki/mini-blog.localhost/application/core/DBRepository.php:19
Stack trace:
#0 /Users/shiba/shiba_tomoyuki/mini-blog.localhost/application/core/DBRepository.php(19): PDOStatement->execute(Array)
#1 /Users/shiba/shiba_tomoyuki/mini-blog.localhost/application/models/UserRepository.php(15): DBRepository->execute('INSERT INTO `us...', Array)
#2 /Users/shiba/shiba_tomoyuki/mini-blog.localhost/application/controllers/AccountController.php(45): UserRepository->insert('shiba', 'ed80349494c58d9...')
#3 /Users/shiba/shiba_tomoyuki/mini-blog.localhost/application/core/Controller.php(37): AccountController->registerAction(Array)
#4 /Users/shiba/shiba_tomoyuki/mini-blog.localhost/application/core/Application. in /Users/shiba/shiba_tomoyuki/mini-blog.localhost/application/core/DBRepository.php on line 19
[21-Dec-2019 10:21:25 Asia/Tokyo] PHP Fatal error:  Uncaught PDOException: SQLSTATE[HY093]: Invalid parameter number: number of bound variables does not match number of tokens in /Users/shiba/shiba_tomoyuki/mini-blog.localhost/application/core/DBRepository.php:19
Stack trace:
#0 /Users/shiba/shiba_tomoyuki/mini-blog.localhost/application/core/DBRepository.php(19): PDOStatement->execute(Array)
#1 /Users/shiba/shiba_tomoyuki/mini-blog.localhost/application/models/StatusRepository.php(14): DBRepository->execute('INSERT INTO sta...', Array)
#2 /Users/shiba/shiba_tomoyuki/mini-blog.localhost/application/controllers/StatusController.php(39): StatusRepository->insert('1', 'sample')
#3 /Users/shiba/shiba_tomoyuki/mini-blog.localhost/application/core/Controller.php(37): StatusController->postAction(Array)
#4 /Users/shiba/shiba_tomoyuki/mini-blog.localhost/application/core/Application.php(114): Controller->run('post', Array)
#5 /Users/shiba/shiba_tomoyuki/mini-blog.localhost/application/core/Application.php(95): Application->runAction('status', 'post', Array)
#6 /Users/ in /Users/shiba/shiba_tomoyuki/mini-blog.localhost/application/core/DBRepository.php on line 19
[21-Dec-2019 10:37:40 Asia/Tokyo] PHP Fatal error:  Uncaught PDOException: SQLSTATE[HY093]: Invalid parameter number: number of bound variables does not match number of tokens in /Users/shiba/shiba_tomoyuki/mini-blog.localhost/application/core/DBRepository.php:19
Stack trace:
#0 /Users/shiba/shiba_tomoyuki/mini-blog.localhost/application/core/DBRepository.php(19): PDOStatement->execute(Array)
#1 /Users/shiba/shiba_tomoyuki/mini-blog.localhost/application/models/StatusRepository.php(14): DBRepository->execute('INSERT INTO sta...', Array)
#2 /Users/shiba/shiba_tomoyuki/mini-blog.localhost/application/controllers/StatusController.php(39): StatusRepository->insert('1', 'sample')
#3 /Users/shiba/shiba_tomoyuki/mini-blog.localhost/application/core/Controller.php(37): StatusController->postAction(Array)
#4 /Users/shiba/shiba_tomoyuki/mini-blog.localhost/application/core/Application.php(114): Controller->run('post', Array)
#5 /Users/shiba/shiba_tomoyuki/mini-blog.localhost/application/core/Application.php(95): Application->runAction('status', 'post', Array)
#6 /Users/ in /Users/shiba/shiba_tomoyuki/mini-blog.localhost/application/core/DBRepository.php on line 19
[21-Dec-2019 10:38:34 Asia/Tokyo] PHP Fatal error:  Uncaught Error: Call to undefined method View::esape() in /Users/shiba/shiba_tomoyuki/mini-blog.localhost/application/views/status/status.php:3
Stack trace:
#0 /Users/shiba/shiba_tomoyuki/mini-blog.localhost/application/core/View.php(27): require()
#1 /Users/shiba/shiba_tomoyuki/mini-blog.localhost/application/views/status/index.php(17): View->render('status/status', Array)
#2 /Users/shiba/shiba_tomoyuki/mini-blog.localhost/application/core/View.php(27): require('/Users/shiba/sh...')
#3 /Users/shiba/shiba_tomoyuki/mini-blog.localhost/application/core/Controller.php(65): View->render('status/index', Array, 'layout')
#4 /Users/shiba/shiba_tomoyuki/mini-blog.localhost/application/controllers/StatusController.php(11): Controller->render(Array)
#5 /Users/shiba/shiba_tomoyuki/mini-blog.localhost/application/core/Controller.php(37): StatusController->indexAction(Array)
#6 /Users/shiba/shiba_tomoyuki/mini-blog.localhost/application/core/Application.php(114): Controller->run('index', Array)
#7 /Users/shiba/shiba_tomoy in /Users/shiba/shiba_tomoyuki/mini-blog.localhost/application/views/status/status.php on line 3
[21-Dec-2019 11:18:34 Asia/Tokyo] PHP Fatal error:  Uncaught ArgumentCountError: Too few arguments to function View::setLayoutVar(), 1 passed in /Users/shiba/shiba_tomoyuki/mini-blog.localhost/application/views/account/index.php on line 1 and exactly 2 expected in /Users/shiba/shiba_tomoyuki/mini-blog.localhost/application/core/View.php:14
Stack trace:
#0 /Users/shiba/shiba_tomoyuki/mini-blog.localhost/application/views/account/index.php(1): View->setLayoutVar('title')
#1 /Users/shiba/shiba_tomoyuki/mini-blog.localhost/application/core/View.php(27): require('/Users/shiba/sh...')
#2 /Users/shiba/shiba_tomoyuki/mini-blog.localhost/application/core/Controller.php(65): View->render('account/index', Array, 'layout')
#3 /Users/shiba/shiba_tomoyuki/mini-blog.localhost/application/controllers/AccountController.php(66): Controller->render(Array)
#4 /Users/shiba/shiba_tomoyuki/mini-blog.localhost/application/core/Controller.php(37): AccountController->indexAction(Array)
#5 /Users/shiba/shiba_tomoyuki/mini-blog.localhost/application/core/Application.php(114): Controller- in /Users/shiba/shiba_tomoyuki/mini-blog.localhost/application/core/View.php on line 14
[11-Jan-2020 09:42:23 Asia/Tokyo] PHP Notice:  Undefined variable: user_name in /Users/shiba/shiba_tomoyuki/mini-blog.localhost/application/controllers/AccountController.php on line 135
[11-Jan-2020 09:42:23 Asia/Tokyo] PHP Stack trace:
[11-Jan-2020 09:42:23 Asia/Tokyo] PHP   1. {main}() /Users/shiba/shiba_tomoyuki/mini-blog.localhost/application/web/index_dev.php:0
[11-Jan-2020 09:42:23 Asia/Tokyo] PHP   2. MiniBlogApplication->run() /Users/shiba/shiba_tomoyuki/mini-blog.localhost/application/web/index_dev.php:7
[11-Jan-2020 09:42:23 Asia/Tokyo] PHP   3. MiniBlogApplication->runAction($controller_name = *uninitialized*, $action = *uninitialized*, $params = *uninitialized*) /Users/shiba/shiba_tomoyuki/mini-blog.localhost/application/core/Application.php:95
[11-Jan-2020 09:42:23 Asia/Tokyo] PHP   4. AccountController->run($action = *uninitialized*, $params = *uninitialized*) /Users/shiba/shiba_tomoyuki/mini-blog.localhost/application/core/Application.php:114
[11-Jan-2020 09:42:23 Asia/Tokyo] PHP   5. AccountController->authenticateAction(*uninitialized*) /Users/shiba/shiba_tomoyuki/mini-blog.localhost/application/core/Controller.php:37
[11-Jan-2020 09:42:23 Asia/Tokyo] PHP Notice:  Undefined variable: password in /Users/shiba/shiba_tomoyuki/mini-blog.localhost/application/controllers/AccountController.php on line 136
[11-Jan-2020 09:42:23 Asia/Tokyo] PHP Stack trace:
[11-Jan-2020 09:42:23 Asia/Tokyo] PHP   1. {main}() /Users/shiba/shiba_tomoyuki/mini-blog.localhost/application/web/index_dev.php:0
[11-Jan-2020 09:42:23 Asia/Tokyo] PHP   2. MiniBlogApplication->run() /Users/shiba/shiba_tomoyuki/mini-blog.localhost/application/web/index_dev.php:7
[11-Jan-2020 09:42:23 Asia/Tokyo] PHP   3. MiniBlogApplication->runAction($controller_name = *uninitialized*, $action = *uninitialized*, $params = *uninitialized*) /Users/shiba/shiba_tomoyuki/mini-blog.localhost/application/core/Application.php:95
[11-Jan-2020 09:42:23 Asia/Tokyo] PHP   4. AccountController->run($action = *uninitialized*, $params = *uninitialized*) /Users/shiba/shiba_tomoyuki/mini-blog.localhost/application/core/Application.php:114
[11-Jan-2020 09:42:23 Asia/Tokyo] PHP   5. AccountController->authenticateAction(*uninitialized*) /Users/shiba/shiba_tomoyuki/mini-blog.localhost/application/core/Controller.php:37
[11-Jan-2020 09:42:23 Asia/Tokyo] PHP Notice:  Undefined variable: errors in /Users/shiba/shiba_tomoyuki/mini-blog.localhost/application/controllers/AccountController.php on line 137
[11-Jan-2020 09:42:23 Asia/Tokyo] PHP Stack trace:
[11-Jan-2020 09:42:23 Asia/Tokyo] PHP   1. {main}() /Users/shiba/shiba_tomoyuki/mini-blog.localhost/application/web/index_dev.php:0
[11-Jan-2020 09:42:23 Asia/Tokyo] PHP   2. MiniBlogApplication->run() /Users/shiba/shiba_tomoyuki/mini-blog.localhost/application/web/index_dev.php:7
[11-Jan-2020 09:42:23 Asia/Tokyo] PHP   3. MiniBlogApplication->runAction($controller_name = *uninitialized*, $action = *uninitialized*, $params = *uninitialized*) /Users/shiba/shiba_tomoyuki/mini-blog.localhost/application/core/Application.php:95
[11-Jan-2020 09:42:23 Asia/Tokyo] PHP   4. AccountController->run($action = *uninitialized*, $params = *uninitialized*) /Users/shiba/shiba_tomoyuki/mini-blog.localhost/application/core/Application.php:114
[11-Jan-2020 09:42:23 Asia/Tokyo] PHP   5. AccountController->authenticateAction(*uninitialized*) /Users/shiba/shiba_tomoyuki/mini-blog.localhost/application/core/Controller.php:37
[11-Jan-2020 09:42:23 Asia/Tokyo] PHP Warning:  require(/Users/shiba/shiba_tomoyuki/mini-blog.localhost/application/views/account/authenticate.php): failed to open stream: No such file or directory in /Users/shiba/shiba_tomoyuki/mini-blog.localhost/application/core/View.php on line 27
[11-Jan-2020 09:42:23 Asia/Tokyo] PHP Stack trace:
[11-Jan-2020 09:42:23 Asia/Tokyo] PHP   1. {main}() /Users/shiba/shiba_tomoyuki/mini-blog.localhost/application/web/index_dev.php:0
[11-Jan-2020 09:42:23 Asia/Tokyo] PHP   2. MiniBlogApplication->run() /Users/shiba/shiba_tomoyuki/mini-blog.localhost/application/web/index_dev.php:7
[11-Jan-2020 09:42:23 Asia/Tokyo] PHP   3. MiniBlogApplication->runAction($controller_name = *uninitialized*, $action = *uninitialized*, $params = *uninitialized*) /Users/shiba/shiba_tomoyuki/mini-blog.localhost/application/core/Application.php:95
[11-Jan-2020 09:42:23 Asia/Tokyo] PHP   4. AccountController->run($action = *uninitialized*, $params = *uninitialized*) /Users/shiba/shiba_tomoyuki/mini-blog.localhost/application/core/Application.php:114
[11-Jan-2020 09:42:23 Asia/Tokyo] PHP   5. AccountController->authenticateAction(*uninitialized*) /Users/shiba/shiba_tomoyuki/mini-blog.localhost/application/core/Controller.php:37
[11-Jan-2020 09:42:23 Asia/Tokyo] PHP   6. AccountController->render($variables = *uninitialized*, $template = *uninitialized*, $layout = *uninitialized*) /Users/shiba/shiba_tomoyuki/mini-blog.localhost/application/controllers/AccountController.php:138
[11-Jan-2020 09:42:23 Asia/Tokyo] PHP   7. View->render($_path = *uninitialized*, $_variables = *uninitialized*, $_layout = *uninitialized*) /Users/shiba/shiba_tomoyuki/mini-blog.localhost/application/core/Controller.php:65
[11-Jan-2020 09:42:23 Asia/Tokyo] PHP Fatal error:  require(): Failed opening required '/Users/shiba/shiba_tomoyuki/mini-blog.localhost/application/views/account/authenticate.php' (include_path='.:/usr/local/Cellar/php@7.2/7.2.22_1/share/php@7.2/pear') in /Users/shiba/shiba_tomoyuki/mini-blog.localhost/application/core/View.php on line 27
[11-Jan-2020 09:42:23 Asia/Tokyo] PHP Stack trace:
[11-Jan-2020 09:42:23 Asia/Tokyo] PHP   1. {main}() /Users/shiba/shiba_tomoyuki/mini-blog.localhost/application/web/index_dev.php:0
[11-Jan-2020 09:42:23 Asia/Tokyo] PHP   2. MiniBlogApplication->run() /Users/shiba/shiba_tomoyuki/mini-blog.localhost/application/web/index_dev.php:7
[11-Jan-2020 09:42:23 Asia/Tokyo] PHP   3. MiniBlogApplication->runAction($controller_name = *uninitialized*, $action = *uninitialized*, $params = *uninitialized*) /Users/shiba/shiba_tomoyuki/mini-blog.localhost/application/core/Application.php:95
[11-Jan-2020 09:42:23 Asia/Tokyo] PHP   4. AccountController->run($action = *uninitialized*, $params = *uninitialized*) /Users/shiba/shiba_tomoyuki/mini-blog.localhost/application/core/Application.php:114
[11-Jan-2020 09:42:23 Asia/Tokyo] PHP   5. AccountController->authenticateAction(*uninitialized*) /Users/shiba/shiba_tomoyuki/mini-blog.localhost/application/core/Controller.php:37
[11-Jan-2020 09:42:23 Asia/Tokyo] PHP   6. AccountController->render($variables = *uninitialized*, $template = *uninitialized*, $layout = *uninitialized*) /Users/shiba/shiba_tomoyuki/mini-blog.localhost/application/controllers/AccountController.php:138
[11-Jan-2020 09:42:23 Asia/Tokyo] PHP   7. View->render($_path = *uninitialized*, $_variables = *uninitialized*, $_layout = *uninitialized*) /Users/shiba/shiba_tomoyuki/mini-blog.localhost/application/core/Controller.php:65
[11-Jan-2020 09:45:50 Asia/Tokyo] PHP Notice:  Undefined variable: user_name in /Users/shiba/shiba_tomoyuki/mini-blog.localhost/application/controllers/AccountController.php on line 135
[11-Jan-2020 09:45:50 Asia/Tokyo] PHP Stack trace:
[11-Jan-2020 09:45:50 Asia/Tokyo] PHP   1. {main}() /Users/shiba/shiba_tomoyuki/mini-blog.localhost/application/web/index_dev.php:0
[11-Jan-2020 09:45:50 Asia/Tokyo] PHP   2. MiniBlogApplication->run() /Users/shiba/shiba_tomoyuki/mini-blog.localhost/application/web/index_dev.php:7
[11-Jan-2020 09:45:50 Asia/Tokyo] PHP   3. MiniBlogApplication->runAction($controller_name = *uninitialized*, $action = *uninitialized*, $params = *uninitialized*) /Users/shiba/shiba_tomoyuki/mini-blog.localhost/application/core/Application.php:95
[11-Jan-2020 09:45:50 Asia/Tokyo] PHP   4. AccountController->run($action = *uninitialized*, $params = *uninitialized*) /Users/shiba/shiba_tomoyuki/mini-blog.localhost/application/core/Application.php:114
[11-Jan-2020 09:45:50 Asia/Tokyo] PHP   5. AccountController->authenticateAction(*uninitialized*) /Users/shiba/shiba_tomoyuki/mini-blog.localhost/application/core/Controller.php:37
[11-Jan-2020 09:45:50 Asia/Tokyo] PHP Notice:  Undefined variable: password in /Users/shiba/shiba_tomoyuki/mini-blog.localhost/application/controllers/AccountController.php on line 136
[11-Jan-2020 09:45:50 Asia/Tokyo] PHP Stack trace:
[11-Jan-2020 09:45:50 Asia/Tokyo] PHP   1. {main}() /Users/shiba/shiba_tomoyuki/mini-blog.localhost/application/web/index_dev.php:0
[11-Jan-2020 09:45:50 Asia/Tokyo] PHP   2. MiniBlogApplication->run() /Users/shiba/shiba_tomoyuki/mini-blog.localhost/application/web/index_dev.php:7
[11-Jan-2020 09:45:50 Asia/Tokyo] PHP   3. MiniBlogApplication->runAction($controller_name = *uninitialized*, $action = *uninitialized*, $params = *uninitialized*) /Users/shiba/shiba_tomoyuki/mini-blog.localhost/application/core/Application.php:95
[11-Jan-2020 09:45:50 Asia/Tokyo] PHP   4. AccountController->run($action = *uninitialized*, $params = *uninitialized*) /Users/shiba/shiba_tomoyuki/mini-blog.localhost/application/core/Application.php:114
[11-Jan-2020 09:45:50 Asia/Tokyo] PHP   5. AccountController->authenticateAction(*uninitialized*) /Users/shiba/shiba_tomoyuki/mini-blog.localhost/application/core/Controller.php:37
[11-Jan-2020 09:45:50 Asia/Tokyo] PHP Notice:  Undefined variable: errors in /Users/shiba/shiba_tomoyuki/mini-blog.localhost/application/controllers/AccountController.php on line 137
[11-Jan-2020 09:45:50 Asia/Tokyo] PHP Stack trace:
[11-Jan-2020 09:45:50 Asia/Tokyo] PHP   1. {main}() /Users/shiba/shiba_tomoyuki/mini-blog.localhost/application/web/index_dev.php:0
[11-Jan-2020 09:45:50 Asia/Tokyo] PHP   2. MiniBlogApplication->run() /Users/shiba/shiba_tomoyuki/mini-blog.localhost/application/web/index_dev.php:7
[11-Jan-2020 09:45:50 Asia/Tokyo] PHP   3. MiniBlogApplication->runAction($controller_name = *uninitialized*, $action = *uninitialized*, $params = *uninitialized*) /Users/shiba/shiba_tomoyuki/mini-blog.localhost/application/core/Application.php:95
[11-Jan-2020 09:45:50 Asia/Tokyo] PHP   4. AccountController->run($action = *uninitialized*, $params = *uninitialized*) /Users/shiba/shiba_tomoyuki/mini-blog.localhost/application/core/Application.php:114
[11-Jan-2020 09:45:50 Asia/Tokyo] PHP   5. AccountController->authenticateAction(*uninitialized*) /Users/shiba/shiba_tomoyuki/mini-blog.localhost/application/core/Controller.php:37
[11-Jan-2020 09:45:50 Asia/Tokyo] PHP Warning:  require(/Users/shiba/shiba_tomoyuki/mini-blog.localhost/application/views/account/authenticate.php): failed to open stream: No such file or directory in /Users/shiba/shiba_tomoyuki/mini-blog.localhost/application/core/View.php on line 27
[11-Jan-2020 09:45:50 Asia/Tokyo] PHP Stack trace:
[11-Jan-2020 09:45:50 Asia/Tokyo] PHP   1. {main}() /Users/shiba/shiba_tomoyuki/mini-blog.localhost/application/web/index_dev.php:0
[11-Jan-2020 09:45:50 Asia/Tokyo] PHP   2. MiniBlogApplication->run() /Users/shiba/shiba_tomoyuki/mini-blog.localhost/application/web/index_dev.php:7
[11-Jan-2020 09:45:50 Asia/Tokyo] PHP   3. MiniBlogApplication->runAction($controller_name = *uninitialized*, $action = *uninitialized*, $params = *uninitialized*) /Users/shiba/shiba_tomoyuki/mini-blog.localhost/application/core/Application.php:95
[11-Jan-2020 09:45:50 Asia/Tokyo] PHP   4. AccountController->run($action = *uninitialized*, $params = *uninitialized*) /Users/shiba/shiba_tomoyuki/mini-blog.localhost/application/core/Application.php:114
[11-Jan-2020 09:45:50 Asia/Tokyo] PHP   5. AccountController->authenticateAction(*uninitialized*) /Users/shiba/shiba_tomoyuki/mini-blog.localhost/application/core/Controller.php:37
[11-Jan-2020 09:45:50 Asia/Tokyo] PHP   6. AccountController->render($variables = *uninitialized*, $template = *uninitialized*, $layout = *uninitialized*) /Users/shiba/shiba_tomoyuki/mini-blog.localhost/application/controllers/AccountController.php:138
[11-Jan-2020 09:45:50 Asia/Tokyo] PHP   7. View->render($_path = *uninitialized*, $_variables = *uninitialized*, $_layout = *uninitialized*) /Users/shiba/shiba_tomoyuki/mini-blog.localhost/application/core/Controller.php:65
[11-Jan-2020 09:45:50 Asia/Tokyo] PHP Fatal error:  require(): Failed opening required '/Users/shiba/shiba_tomoyuki/mini-blog.localhost/application/views/account/authenticate.php' (include_path='.:/usr/local/Cellar/php@7.2/7.2.22_1/share/php@7.2/pear') in /Users/shiba/shiba_tomoyuki/mini-blog.localhost/application/core/View.php on line 27
[11-Jan-2020 09:45:50 Asia/Tokyo] PHP Stack trace:
[11-Jan-2020 09:45:50 Asia/Tokyo] PHP   1. {main}() /Users/shiba/shiba_tomoyuki/mini-blog.localhost/application/web/index_dev.php:0
[11-Jan-2020 09:45:50 Asia/Tokyo] PHP   2. MiniBlogApplication->run() /Users/shiba/shiba_tomoyuki/mini-blog.localhost/application/web/index_dev.php:7
[11-Jan-2020 09:45:50 Asia/Tokyo] PHP   3. MiniBlogApplication->runAction($controller_name = *uninitialized*, $action = *uninitialized*, $params = *uninitialized*) /Users/shiba/shiba_tomoyuki/mini-blog.localhost/application/core/Application.php:95
[11-Jan-2020 09:45:50 Asia/Tokyo] PHP   4. AccountController->run($action = *uninitialized*, $params = *uninitialized*) /Users/shiba/shiba_tomoyuki/mini-blog.localhost/application/core/Application.php:114
[11-Jan-2020 09:45:50 Asia/Tokyo] PHP   5. AccountController->authenticateAction(*uninitialized*) /Users/shiba/shiba_tomoyuki/mini-blog.localhost/application/core/Controller.php:37
[11-Jan-2020 09:45:50 Asia/Tokyo] PHP   6. AccountController->render($variables = *uninitialized*, $template = *uninitialized*, $layout = *uninitialized*) /Users/shiba/shiba_tomoyuki/mini-blog.localhost/application/controllers/AccountController.php:138
[11-Jan-2020 09:45:50 Asia/Tokyo] PHP   7. View->render($_path = *uninitialized*, $_variables = *uninitialized*, $_layout = *uninitialized*) /Users/shiba/shiba_tomoyuki/mini-blog.localhost/application/core/Controller.php:65
[11-Jan-2020 09:50:52 Asia/Tokyo] PHP Notice:  Undefined variable: user_name in /Users/shiba/shiba_tomoyuki/mini-blog.localhost/application/controllers/AccountController.php on line 135
[11-Jan-2020 09:50:52 Asia/Tokyo] PHP Stack trace:
[11-Jan-2020 09:50:52 Asia/Tokyo] PHP   1. {main}() /Users/shiba/shiba_tomoyuki/mini-blog.localhost/application/web/index_dev.php:0
[11-Jan-2020 09:50:52 Asia/Tokyo] PHP   2. MiniBlogApplication->run() /Users/shiba/shiba_tomoyuki/mini-blog.localhost/application/web/index_dev.php:7
[11-Jan-2020 09:50:52 Asia/Tokyo] PHP   3. MiniBlogApplication->runAction($controller_name = *uninitialized*, $action = *uninitialized*, $params = *uninitialized*) /Users/shiba/shiba_tomoyuki/mini-blog.localhost/application/core/Application.php:95
[11-Jan-2020 09:50:52 Asia/Tokyo] PHP   4. AccountController->run($action = *uninitialized*, $params = *uninitialized*) /Users/shiba/shiba_tomoyuki/mini-blog.localhost/application/core/Application.php:114
[11-Jan-2020 09:50:52 Asia/Tokyo] PHP   5. AccountController->authenticateAction(*uninitialized*) /Users/shiba/shiba_tomoyuki/mini-blog.localhost/application/core/Controller.php:37
[11-Jan-2020 09:50:52 Asia/Tokyo] PHP Notice:  Undefined variable: password in /Users/shiba/shiba_tomoyuki/mini-blog.localhost/application/controllers/AccountController.php on line 136
[11-Jan-2020 09:50:52 Asia/Tokyo] PHP Stack trace:
[11-Jan-2020 09:50:52 Asia/Tokyo] PHP   1. {main}() /Users/shiba/shiba_tomoyuki/mini-blog.localhost/application/web/index_dev.php:0
[11-Jan-2020 09:50:52 Asia/Tokyo] PHP   2. MiniBlogApplication->run() /Users/shiba/shiba_tomoyuki/mini-blog.localhost/application/web/index_dev.php:7
[11-Jan-2020 09:50:52 Asia/Tokyo] PHP   3. MiniBlogApplication->runAction($controller_name = *uninitialized*, $action = *uninitialized*, $params = *uninitialized*) /Users/shiba/shiba_tomoyuki/mini-blog.localhost/application/core/Application.php:95
[11-Jan-2020 09:50:52 Asia/Tokyo] PHP   4. AccountController->run($action = *uninitialized*, $params = *uninitialized*) /Users/shiba/shiba_tomoyuki/mini-blog.localhost/application/core/Application.php:114
[11-Jan-2020 09:50:52 Asia/Tokyo] PHP   5. AccountController->authenticateAction(*uninitialized*) /Users/shiba/shiba_tomoyuki/mini-blog.localhost/application/core/Controller.php:37
[11-Jan-2020 09:50:52 Asia/Tokyo] PHP Notice:  Undefined variable: errors in /Users/shiba/shiba_tomoyuki/mini-blog.localhost/application/controllers/AccountController.php on line 137
[11-Jan-2020 09:50:52 Asia/Tokyo] PHP Stack trace:
[11-Jan-2020 09:50:52 Asia/Tokyo] PHP   1. {main}() /Users/shiba/shiba_tomoyuki/mini-blog.localhost/application/web/index_dev.php:0
[11-Jan-2020 09:50:52 Asia/Tokyo] PHP   2. MiniBlogApplication->run() /Users/shiba/shiba_tomoyuki/mini-blog.localhost/application/web/index_dev.php:7
[11-Jan-2020 09:50:52 Asia/Tokyo] PHP   3. MiniBlogApplication->runAction($controller_name = *uninitialized*, $action = *uninitialized*, $params = *uninitialized*) /Users/shiba/shiba_tomoyuki/mini-blog.localhost/application/core/Application.php:95
[11-Jan-2020 09:50:52 Asia/Tokyo] PHP   4. AccountController->run($action = *uninitialized*, $params = *uninitialized*) /Users/shiba/shiba_tomoyuki/mini-blog.localhost/application/core/Application.php:114
[11-Jan-2020 09:50:52 Asia/Tokyo] PHP   5. AccountController->authenticateAction(*uninitialized*) /Users/shiba/shiba_tomoyuki/mini-blog.localhost/application/core/Controller.php:37
[11-Jan-2020 09:50:52 Asia/Tokyo] PHP Warning:  Cannot modify header information - headers already sent by (output started at /Users/shiba/shiba_tomoyuki/mini-blog.localhost/application/controllers/AccountController.php:136) in /Users/shiba/shiba_tomoyuki/mini-blog.localhost/application/core/Response.php on line 11
[11-Jan-2020 09:50:52 Asia/Tokyo] PHP Stack trace:
[11-Jan-2020 09:50:52 Asia/Tokyo] PHP   1. {main}() /Users/shiba/shiba_tomoyuki/mini-blog.localhost/application/web/index_dev.php:0
[11-Jan-2020 09:50:52 Asia/Tokyo] PHP   2. MiniBlogApplication->run() /Users/shiba/shiba_tomoyuki/mini-blog.localhost/application/web/index_dev.php:7
[11-Jan-2020 09:50:52 Asia/Tokyo] PHP   3. Response->send() /Users/shiba/shiba_tomoyuki/mini-blog.localhost/application/core/Application.php:102
[11-Jan-2020 09:50:52 Asia/Tokyo] PHP   4. header(*uninitialized*) /Users/shiba/shiba_tomoyuki/mini-blog.localhost/application/core/Response.php:11
[11-Jan-2020 09:50:56 Asia/Tokyo] PHP Notice:  Undefined variable: user_name in /Users/shiba/shiba_tomoyuki/mini-blog.localhost/application/controllers/AccountController.php on line 135
[11-Jan-2020 09:50:56 Asia/Tokyo] PHP Stack trace:
[11-Jan-2020 09:50:56 Asia/Tokyo] PHP   1. {main}() /Users/shiba/shiba_tomoyuki/mini-blog.localhost/application/web/index_dev.php:0
[11-Jan-2020 09:50:56 Asia/Tokyo] PHP   2. MiniBlogApplication->run() /Users/shiba/shiba_tomoyuki/mini-blog.localhost/application/web/index_dev.php:7
[11-Jan-2020 09:50:56 Asia/Tokyo] PHP   3. MiniBlogApplication->runAction($controller_name = *uninitialized*, $action = *uninitialized*, $params = *uninitialized*) /Users/shiba/shiba_tomoyuki/mini-blog.localhost/application/core/Application.php:95
[11-Jan-2020 09:50:56 Asia/Tokyo] PHP   4. AccountController->run($action = *uninitialized*, $params = *uninitialized*) /Users/shiba/shiba_tomoyuki/mini-blog.localhost/application/core/Application.php:114
[11-Jan-2020 09:50:56 Asia/Tokyo] PHP   5. AccountController->authenticateAction(*uninitialized*) /Users/shiba/shiba_tomoyuki/mini-blog.localhost/application/core/Controller.php:37
[11-Jan-2020 09:50:56 Asia/Tokyo] PHP Notice:  Undefined variable: password in /Users/shiba/shiba_tomoyuki/mini-blog.localhost/application/controllers/AccountController.php on line 136
[11-Jan-2020 09:50:56 Asia/Tokyo] PHP Stack trace:
[11-Jan-2020 09:50:56 Asia/Tokyo] PHP   1. {main}() /Users/shiba/shiba_tomoyuki/mini-blog.localhost/application/web/index_dev.php:0
[11-Jan-2020 09:50:56 Asia/Tokyo] PHP   2. MiniBlogApplication->run() /Users/shiba/shiba_tomoyuki/mini-blog.localhost/application/web/index_dev.php:7
[11-Jan-2020 09:50:56 Asia/Tokyo] PHP   3. MiniBlogApplication->runAction($controller_name = *uninitialized*, $action = *uninitialized*, $params = *uninitialized*) /Users/shiba/shiba_tomoyuki/mini-blog.localhost/application/core/Application.php:95
[11-Jan-2020 09:50:56 Asia/Tokyo] PHP   4. AccountController->run($action = *uninitialized*, $params = *uninitialized*) /Users/shiba/shiba_tomoyuki/mini-blog.localhost/application/core/Application.php:114
[11-Jan-2020 09:50:56 Asia/Tokyo] PHP   5. AccountController->authenticateAction(*uninitialized*) /Users/shiba/shiba_tomoyuki/mini-blog.localhost/application/core/Controller.php:37
[11-Jan-2020 09:50:56 Asia/Tokyo] PHP Notice:  Undefined variable: errors in /Users/shiba/shiba_tomoyuki/mini-blog.localhost/application/controllers/AccountController.php on line 137
[11-Jan-2020 09:50:56 Asia/Tokyo] PHP Stack trace:
[11-Jan-2020 09:50:56 Asia/Tokyo] PHP   1. {main}() /Users/shiba/shiba_tomoyuki/mini-blog.localhost/application/web/index_dev.php:0
[11-Jan-2020 09:50:56 Asia/Tokyo] PHP   2. MiniBlogApplication->run() /Users/shiba/shiba_tomoyuki/mini-blog.localhost/application/web/index_dev.php:7
[11-Jan-2020 09:50:56 Asia/Tokyo] PHP   3. MiniBlogApplication->runAction($controller_name = *uninitialized*, $action = *uninitialized*, $params = *uninitialized*) /Users/shiba/shiba_tomoyuki/mini-blog.localhost/application/core/Application.php:95
[11-Jan-2020 09:50:56 Asia/Tokyo] PHP   4. AccountController->run($action = *uninitialized*, $params = *uninitialized*) /Users/shiba/shiba_tomoyuki/mini-blog.localhost/application/core/Application.php:114
[11-Jan-2020 09:50:56 Asia/Tokyo] PHP   5. AccountController->authenticateAction(*uninitialized*) /Users/shiba/shiba_tomoyuki/mini-blog.localhost/application/core/Controller.php:37
[11-Jan-2020 09:50:56 Asia/Tokyo] PHP Warning:  Cannot modify header information - headers already sent by (output started at /Users/shiba/shiba_tomoyuki/mini-blog.localhost/application/controllers/AccountController.php:136) in /Users/shiba/shiba_tomoyuki/mini-blog.localhost/application/core/Response.php on line 11
[11-Jan-2020 09:50:56 Asia/Tokyo] PHP Stack trace:
[11-Jan-2020 09:50:56 Asia/Tokyo] PHP   1. {main}() /Users/shiba/shiba_tomoyuki/mini-blog.localhost/application/web/index_dev.php:0
[11-Jan-2020 09:50:56 Asia/Tokyo] PHP   2. MiniBlogApplication->run() /Users/shiba/shiba_tomoyuki/mini-blog.localhost/application/web/index_dev.php:7
[11-Jan-2020 09:50:56 Asia/Tokyo] PHP   3. Response->send() /Users/shiba/shiba_tomoyuki/mini-blog.localhost/application/core/Application.php:102
[11-Jan-2020 09:50:56 Asia/Tokyo] PHP   4. header(*uninitialized*) /Users/shiba/shiba_tomoyuki/mini-blog.localhost/application/core/Response.php:11
[11-Jan-2020 10:02:03 Asia/Tokyo] PHP Notice:  Undefined variable: user_name in /Users/shiba/shiba_tomoyuki/mini-blog.localhost/application/controllers/AccountController.php on line 135
[11-Jan-2020 10:02:03 Asia/Tokyo] PHP Stack trace:
[11-Jan-2020 10:02:03 Asia/Tokyo] PHP   1. {main}() /Users/shiba/shiba_tomoyuki/mini-blog.localhost/application/web/index_dev.php:0
[11-Jan-2020 10:02:03 Asia/Tokyo] PHP   2. MiniBlogApplication->run() /Users/shiba/shiba_tomoyuki/mini-blog.localhost/application/web/index_dev.php:7
[11-Jan-2020 10:02:03 Asia/Tokyo] PHP   3. MiniBlogApplication->runAction($controller_name = *uninitialized*, $action = *uninitialized*, $params = *uninitialized*) /Users/shiba/shiba_tomoyuki/mini-blog.localhost/application/core/Application.php:95
[11-Jan-2020 10:02:03 Asia/Tokyo] PHP   4. AccountController->run($action = *uninitialized*, $params = *uninitialized*) /Users/shiba/shiba_tomoyuki/mini-blog.localhost/application/core/Application.php:114
[11-Jan-2020 10:02:03 Asia/Tokyo] PHP   5. AccountController->authenticateAction(*uninitialized*) /Users/shiba/shiba_tomoyuki/mini-blog.localhost/application/core/Controller.php:37
[11-Jan-2020 10:02:03 Asia/Tokyo] PHP Notice:  Undefined variable: password in /Users/shiba/shiba_tomoyuki/mini-blog.localhost/application/controllers/AccountController.php on line 136
[11-Jan-2020 10:02:03 Asia/Tokyo] PHP Stack trace:
[11-Jan-2020 10:02:03 Asia/Tokyo] PHP   1. {main}() /Users/shiba/shiba_tomoyuki/mini-blog.localhost/application/web/index_dev.php:0
[11-Jan-2020 10:02:03 Asia/Tokyo] PHP   2. MiniBlogApplication->run() /Users/shiba/shiba_tomoyuki/mini-blog.localhost/application/web/index_dev.php:7
[11-Jan-2020 10:02:03 Asia/Tokyo] PHP   3. MiniBlogApplication->runAction($controller_name = *uninitialized*, $action = *uninitialized*, $params = *uninitialized*) /Users/shiba/shiba_tomoyuki/mini-blog.localhost/application/core/Application.php:95
[11-Jan-2020 10:02:03 Asia/Tokyo] PHP   4. AccountController->run($action = *uninitialized*, $params = *uninitialized*) /Users/shiba/shiba_tomoyuki/mini-blog.localhost/application/core/Application.php:114
[11-Jan-2020 10:02:03 Asia/Tokyo] PHP   5. AccountController->authenticateAction(*uninitialized*) /Users/shiba/shiba_tomoyuki/mini-blog.localhost/application/core/Controller.php:37
[11-Jan-2020 10:02:03 Asia/Tokyo] PHP Notice:  Undefined variable: errors in /Users/shiba/shiba_tomoyuki/mini-blog.localhost/application/controllers/AccountController.php on line 137
[11-Jan-2020 10:02:03 Asia/Tokyo] PHP Stack trace:
[11-Jan-2020 10:02:03 Asia/Tokyo] PHP   1. {main}() /Users/shiba/shiba_tomoyuki/mini-blog.localhost/application/web/index_dev.php:0
[11-Jan-2020 10:02:03 Asia/Tokyo] PHP   2. MiniBlogApplication->run() /Users/shiba/shiba_tomoyuki/mini-blog.localhost/application/web/index_dev.php:7
[11-Jan-2020 10:02:03 Asia/Tokyo] PHP   3. MiniBlogApplication->runAction($controller_name = *uninitialized*, $action = *uninitialized*, $params = *uninitialized*) /Users/shiba/shiba_tomoyuki/mini-blog.localhost/application/core/Application.php:95
[11-Jan-2020 10:02:03 Asia/Tokyo] PHP   4. AccountController->run($action = *uninitialized*, $params = *uninitialized*) /Users/shiba/shiba_tomoyuki/mini-blog.localhost/application/core/Application.php:114
[11-Jan-2020 10:02:03 Asia/Tokyo] PHP   5. AccountController->authenticateAction(*uninitialized*) /Users/shiba/shiba_tomoyuki/mini-blog.localhost/application/core/Controller.php:37
[11-Jan-2020 10:02:03 Asia/Tokyo] PHP Warning:  Cannot modify header information - headers already sent by (output started at /Users/shiba/shiba_tomoyuki/mini-blog.localhost/application/controllers/AccountController.php:136) in /Users/shiba/shiba_tomoyuki/mini-blog.localhost/application/core/Response.php on line 11
[11-Jan-2020 10:02:03 Asia/Tokyo] PHP Stack trace:
[11-Jan-2020 10:02:03 Asia/Tokyo] PHP   1. {main}() /Users/shiba/shiba_tomoyuki/mini-blog.localhost/application/web/index_dev.php:0
[11-Jan-2020 10:02:03 Asia/Tokyo] PHP   2. MiniBlogApplication->run() /Users/shiba/shiba_tomoyuki/mini-blog.localhost/application/web/index_dev.php:7
[11-Jan-2020 10:02:03 Asia/Tokyo] PHP   3. Response->send() /Users/shiba/shiba_tomoyuki/mini-blog.localhost/application/core/Application.php:102
[11-Jan-2020 10:02:03 Asia/Tokyo] PHP   4. header(*uninitialized*) /Users/shiba/shiba_tomoyuki/mini-blog.localhost/application/core/Response.php:11
[12-Jan-2020 01:18:45 Asia/Tokyo] PHP Fatal error:  Uncaught Error: Call to undefined method UserRepository::fetchAllFollowingsByUserId() in /Users/shiba/shiba_tomoyuki/mini-blog.localhost/application/controllers/AccountController.php:75
Stack trace:
#0 /Users/shiba/shiba_tomoyuki/mini-blog.localhost/application/core/Controller.php(37): AccountController->indexAction(Array)
#1 /Users/shiba/shiba_tomoyuki/mini-blog.localhost/application/core/Application.php(114): Controller->run('index', Array)
#2 /Users/shiba/shiba_tomoyuki/mini-blog.localhost/application/core/Application.php(95): Application->runAction('account', 'index', Array)
#3 /Users/shiba/shiba_tomoyuki/mini-blog.localhost/application/web/index_dev.php(7): Application->run()
#4 {main}
  thrown in /Users/shiba/shiba_tomoyuki/mini-blog.localhost/application/controllers/AccountController.php on line 75
[12-Jan-2020 01:29:14 Asia/Tokyo] PHP Fatal error:  Cannot redeclare StatusRepository::fetchAllPersonalArchivesByUserId() in /Users/shiba/shiba_tomoyuki/mini-blog.localhost/application/models/StatusRepository.php on line 51
[12-Jan-2020 01:29:14 Asia/Tokyo] PHP Stack trace:
[12-Jan-2020 01:29:14 Asia/Tokyo] PHP   1. {main}() /Users/shiba/shiba_tomoyuki/mini-blog.localhost/application/web/index_dev.php:0
[12-Jan-2020 01:29:14 Asia/Tokyo] PHP   2. MiniBlogApplication->run() /Users/shiba/shiba_tomoyuki/mini-blog.localhost/application/web/index_dev.php:7
[12-Jan-2020 01:29:14 Asia/Tokyo] PHP   3. MiniBlogApplication->runAction($controller_name = *uninitialized*, $action = *uninitialized*, $params = *uninitialized*) /Users/shiba/shiba_tomoyuki/mini-blog.localhost/application/core/Application.php:95
[12-Jan-2020 01:29:14 Asia/Tokyo] PHP   4. StatusController->run($action = *uninitialized*, $params = *uninitialized*) /Users/shiba/shiba_tomoyuki/mini-blog.localhost/application/core/Application.php:114
[12-Jan-2020 01:29:14 Asia/Tokyo] PHP   5. StatusController->indexAction(*uninitialized*) /Users/shiba/shiba_tomoyuki/mini-blog.localhost/application/core/Controller.php:37
[12-Jan-2020 01:29:14 Asia/Tokyo] PHP   6. DbManager->get($repository_name = *uninitialized*) /Users/shiba/shiba_tomoyuki/mini-blog.localhost/application/controllers/StatusController.php:9
[12-Jan-2020 01:29:14 Asia/Tokyo] PHP   7. spl_autoload_call(*uninitialized*) /Users/shiba/shiba_tomoyuki/mini-blog.localhost/application/core/DbManager.php:61
[12-Jan-2020 01:29:14 Asia/Tokyo] PHP   8. ClassLoader->loadClass($class = *uninitialized*) /Users/shiba/shiba_tomoyuki/mini-blog.localhost/application/core/DbManager.php:61
